八月 11, 2017 5:06:59 下午 org.apache.catalina.startup.VersionLoggerListener log
信息: Server version:        Apache Tomcat/7.0.72
八月 11, 2017 5:06:59 下午 org.apache.catalina.startup.VersionLoggerListener log
信息: Server built:          Sep 14 2016 12:12:26 UTC
八月 11, 2017 5:06:59 下午 org.apache.catalina.startup.VersionLoggerListener log
信息: Server number:         7.0.72.0
八月 11, 2017 5:06:59 下午 org.apache.catalina.startup.VersionLoggerListener log
信息: OS Name:               Windows 7
八月 11, 2017 5:06:59 下午 org.apache.catalina.startup.VersionLoggerListener log
信息: OS Version:            6.1
八月 11, 2017 5:06:59 下午 org.apache.catalina.startup.VersionLoggerListener log
信息: Architecture:          amd64
八月 11, 2017 5:06:59 下午 org.apache.catalina.startup.VersionLoggerListener log
信息: Java Home:             D:\Develop\Java\jdk1.8\jre
八月 11, 2017 5:06:59 下午 org.apache.catalina.startup.VersionLoggerListener log
信息: JVM Version:           1.8.0_131-b11
八月 11, 2017 5:06:59 下午 org.apache.catalina.startup.VersionLoggerListener log
信息: JVM Vendor:            Oracle Corporation
八月 11, 2017 5:06:59 下午 org.apache.catalina.startup.VersionLoggerListener log
信息: CATALINA_BASE:         D:\Develop\tomcat\tomcat-7.0.72-solr
八月 11, 2017 5:06:59 下午 org.apache.catalina.startup.VersionLoggerListener log
信息: CATALINA_HOME:         D:\Develop\tomcat\tomcat-7.0.72-solr
八月 11, 2017 5:06:59 下午 org.apache.catalina.startup.VersionLoggerListener log
信息: Command line argument: -Djdk.tls.ephemeralDHKeySize=2048
八月 11, 2017 5:06:59 下午 org.apache.catalina.startup.VersionLoggerListener log
信息: Command line argument: -Djava.util.logging.config.file=D:\Develop\tomcat\tomcat-7.0.72-solr\conf\logging.properties
八月 11, 2017 5:06:59 下午 org.apache.catalina.startup.VersionLoggerListener log
信息: Command line argument: -Djava.util.logging.manager=org.apache.juli.ClassLoaderLogManager
八月 11, 2017 5:06:59 下午 org.apache.catalina.startup.VersionLoggerListener log
信息: Command line argument: -Djava.endorsed.dirs=D:\Develop\tomcat\tomcat-7.0.72-solr\endorsed
八月 11, 2017 5:06:59 下午 org.apache.catalina.startup.VersionLoggerListener log
信息: Command line argument: -Dcatalina.base=D:\Develop\tomcat\tomcat-7.0.72-solr
八月 11, 2017 5:06:59 下午 org.apache.catalina.startup.VersionLoggerListener log
信息: Command line argument: -Dcatalina.home=D:\Develop\tomcat\tomcat-7.0.72-solr
八月 11, 2017 5:06:59 下午 org.apache.catalina.startup.VersionLoggerListener log
信息: Command line argument: -Djava.io.tmpdir=D:\Develop\tomcat\tomcat-7.0.72-solr\temp
八月 11, 2017 5:06:59 下午 org.apache.catalina.core.AprLifecycleListener lifecycleEvent
信息: Loaded APR based Apache Tomcat Native library 1.2.8 using APR version 1.5.2.
八月 11, 2017 5:06:59 下午 org.apache.catalina.core.AprLifecycleListener lifecycleEvent
信息: APR capabilities: IPv6 [true], sendfile [true], accept filters [false], random [true].
八月 11, 2017 5:06:59 下午 org.apache.catalina.core.AprLifecycleListener initializeSSL
信息: OpenSSL successfully initialized (OpenSSL 1.0.2h  3 May 2016)
八月 11, 2017 5:07:00 下午 org.apache.coyote.AbstractProtocol init
信息: Initializing ProtocolHandler ["http-apr-8080"]
八月 11, 2017 5:07:00 下午 org.apache.coyote.AbstractProtocol init
严重: Failed to initialize end point associated with ProtocolHandler ["http-apr-8080"]
java.lang.Exception: Socket bind failed: [730048] ?????????×???(Э?é/???????/???)????í??
	at org.apache.tomcat.util.net.AprEndpoint.bind(AprEndpoint.java:470)
	at org.apache.tomcat.util.net.AbstractEndpoint.init(AbstractEndpoint.java:650)
	at org.apache.coyote.AbstractProtocol.init(AbstractProtocol.java:452)
	at org.apache.catalina.connector.Connector.initInternal(Connector.java:978)
	at org.apache.catalina.util.LifecycleBase.init(LifecycleBase.java:102)
	at org.apache.catalina.core.StandardService.initInternal(StandardService.java:560)
	at org.apache.catalina.util.LifecycleBase.init(LifecycleBase.java:102)
	at org.apache.catalina.core.StandardServer.initInternal(StandardServer.java:838)
	at org.apache.catalina.util.LifecycleBase.init(LifecycleBase.java:102)
	at org.apache.catalina.startup.Catalina.load(Catalina.java:642)
	at org.apache.catalina.startup.Catalina.load(Catalina.java:667)
	at sun.reflect.NativeMethodAccessorImpl.invoke0(Native Method)
	at sun.reflect.NativeMethodAccessorImpl.invoke(NativeMethodAccessorImpl.java:62)
	at sun.reflect.DelegatingMethodAccessorImpl.invoke(DelegatingMethodAccessorImpl.java:43)
	at java.lang.reflect.Method.invoke(Method.java:498)
	at org.apache.catalina.startup.Bootstrap.load(Bootstrap.java:253)
	at org.apache.catalina.startup.Bootstrap.main(Bootstrap.java:427)

八月 11, 2017 5:07:00 下午 org.apache.catalina.core.StandardService initInternal
严重: Failed to initialize connector [Connector[HTTP/1.1-8080]]
org.apache.catalina.LifecycleException: Failed to initialize component [Connector[HTTP/1.1-8080]]
	at org.apache.catalina.util.LifecycleBase.init(LifecycleBase.java:107)
	at org.apache.catalina.core.StandardService.initInternal(StandardService.java:560)
	at org.apache.catalina.util.LifecycleBase.init(LifecycleBase.java:102)
	at org.apache.catalina.core.StandardServer.initInternal(StandardServer.java:838)
	at org.apache.catalina.util.LifecycleBase.init(LifecycleBase.java:102)
	at org.apache.catalina.startup.Catalina.load(Catalina.java:642)
	at org.apache.catalina.startup.Catalina.load(Catalina.java:667)
	at sun.reflect.NativeMethodAccessorImpl.invoke0(Native Method)
	at sun.reflect.NativeMethodAccessorImpl.invoke(NativeMethodAccessorImpl.java:62)
	at sun.reflect.DelegatingMethodAccessorImpl.invoke(DelegatingMethodAccessorImpl.java:43)
	at java.lang.reflect.Method.invoke(Method.java:498)
	at org.apache.catalina.startup.Bootstrap.load(Bootstrap.java:253)
	at org.apache.catalina.startup.Bootstrap.main(Bootstrap.java:427)
Caused by: org.apache.catalina.LifecycleException: Protocol handler initialization failed
	at org.apache.catalina.connector.Connector.initInternal(Connector.java:980)
	at org.apache.catalina.util.LifecycleBase.init(LifecycleBase.java:102)
	... 12 more
Caused by: java.lang.Exception: Socket bind failed: [730048] ?????????×???(Э?é/???????/???)????í??
	at org.apache.tomcat.util.net.AprEndpoint.bind(AprEndpoint.java:470)
	at org.apache.tomcat.util.net.AbstractEndpoint.init(AbstractEndpoint.java:650)
	at org.apache.coyote.AbstractProtocol.init(AbstractProtocol.java:452)
	at org.apache.catalina.connector.Connector.initInternal(Connector.java:978)
	... 13 more

八月 11, 2017 5:07:00 下午 org.apache.coyote.AbstractProtocol init
信息: Initializing ProtocolHandler ["ajp-apr-8009"]
八月 11, 2017 5:07:00 下午 org.apache.coyote.AbstractProtocol init
严重: Failed to initialize end point associated with ProtocolHandler ["ajp-apr-8009"]
java.lang.Exception: Socket bind failed: [730048] ?????????×???(Э?é/???????/???)????í??
	at org.apache.tomcat.util.net.AprEndpoint.bind(AprEndpoint.java:470)
	at org.apache.tomcat.util.net.AbstractEndpoint.init(AbstractEndpoint.java:650)
	at org.apache.coyote.AbstractProtocol.init(AbstractProtocol.java:452)
	at org.apache.catalina.connector.Connector.initInternal(Connector.java:978)
	at org.apache.catalina.util.LifecycleBase.init(LifecycleBase.java:102)
	at org.apache.catalina.core.StandardService.initInternal(StandardService.java:560)
	at org.apache.catalina.util.LifecycleBase.init(LifecycleBase.java:102)
	at org.apache.catalina.core.StandardServer.initInternal(StandardServer.java:838)
	at org.apache.catalina.util.LifecycleBase.init(LifecycleBase.java:102)
	at org.apache.catalina.startup.Catalina.load(Catalina.java:642)
	at org.apache.catalina.startup.Catalina.load(Catalina.java:667)
	at sun.reflect.NativeMethodAccessorImpl.invoke0(Native Method)
	at sun.reflect.NativeMethodAccessorImpl.invoke(NativeMethodAccessorImpl.java:62)
	at sun.reflect.DelegatingMethodAccessorImpl.invoke(DelegatingMethodAccessorImpl.java:43)
	at java.lang.reflect.Method.invoke(Method.java:498)
	at org.apache.catalina.startup.Bootstrap.load(Bootstrap.java:253)
	at org.apache.catalina.startup.Bootstrap.main(Bootstrap.java:427)

八月 11, 2017 5:07:00 下午 org.apache.catalina.core.StandardService initInternal
严重: Failed to initialize connector [Connector[AJP/1.3-8009]]
org.apache.catalina.LifecycleException: Failed to initialize component [Connector[AJP/1.3-8009]]
	at org.apache.catalina.util.LifecycleBase.init(LifecycleBase.java:107)
	at org.apache.catalina.core.StandardService.initInternal(StandardService.java:560)
	at org.apache.catalina.util.LifecycleBase.init(LifecycleBase.java:102)
	at org.apache.catalina.core.StandardServer.initInternal(StandardServer.java:838)
	at org.apache.catalina.util.LifecycleBase.init(LifecycleBase.java:102)
	at org.apache.catalina.startup.Catalina.load(Catalina.java:642)
	at org.apache.catalina.startup.Catalina.load(Catalina.java:667)
	at sun.reflect.NativeMethodAccessorImpl.invoke0(Native Method)
	at sun.reflect.NativeMethodAccessorImpl.invoke(NativeMethodAccessorImpl.java:62)
	at sun.reflect.DelegatingMethodAccessorImpl.invoke(DelegatingMethodAccessorImpl.java:43)
	at java.lang.reflect.Method.invoke(Method.java:498)
	at org.apache.catalina.startup.Bootstrap.load(Bootstrap.java:253)
	at org.apache.catalina.startup.Bootstrap.main(Bootstrap.java:427)
Caused by: org.apache.catalina.LifecycleException: Protocol handler initialization failed
	at org.apache.catalina.connector.Connector.initInternal(Connector.java:980)
	at org.apache.catalina.util.LifecycleBase.init(LifecycleBase.java:102)
	... 12 more
Caused by: java.lang.Exception: Socket bind failed: [730048] ?????????×???(Э?é/???????/???)????í??
	at org.apache.tomcat.util.net.AprEndpoint.bind(AprEndpoint.java:470)
	at org.apache.tomcat.util.net.AbstractEndpoint.init(AbstractEndpoint.java:650)
	at org.apache.coyote.AbstractProtocol.init(AbstractProtocol.java:452)
	at org.apache.catalina.connector.Connector.initInternal(Connector.java:978)
	... 13 more

八月 11, 2017 5:07:00 下午 org.apache.catalina.startup.Catalina load
信息: Initialization processed in 1324 ms
八月 11, 2017 5:07:00 下午 org.apache.catalina.core.StandardService startInternal
信息: Starting service Catalina
八月 11, 2017 5:07:00 下午 org.apache.catalina.core.StandardEngine startInternal
信息: Starting Servlet Engine: Apache Tomcat/7.0.72
八月 11, 2017 5:07:00 下午 org.apache.catalina.startup.HostConfig deployDirectory
信息: Deploying web application directory D:\Develop\tomcat\tomcat-7.0.72-solr\webapps\docs
八月 11, 2017 5:07:00 下午 org.apache.catalina.startup.HostConfig deployDirectory
信息: Deployment of web application directory D:\Develop\tomcat\tomcat-7.0.72-solr\webapps\docs has finished in 269 ms
八月 11, 2017 5:07:00 下午 org.apache.catalina.startup.HostConfig deployDirectory
信息: Deploying web application directory D:\Develop\tomcat\tomcat-7.0.72-solr\webapps\examples
八月 11, 2017 5:07:00 下午 org.apache.catalina.startup.HostConfig deployDirectory
信息: Deployment of web application directory D:\Develop\tomcat\tomcat-7.0.72-solr\webapps\examples has finished in 248 ms
八月 11, 2017 5:07:00 下午 org.apache.catalina.startup.HostConfig deployDirectory
信息: Deploying web application directory D:\Develop\tomcat\tomcat-7.0.72-solr\webapps\host-manager
八月 11, 2017 5:07:00 下午 org.apache.catalina.startup.HostConfig deployDirectory
信息: Deployment of web application directory D:\Develop\tomcat\tomcat-7.0.72-solr\webapps\host-manager has finished in 54 ms
八月 11, 2017 5:07:00 下午 org.apache.catalina.startup.HostConfig deployDirectory
信息: Deploying web application directory D:\Develop\tomcat\tomcat-7.0.72-solr\webapps\manager
八月 11, 2017 5:07:00 下午 org.apache.catalina.startup.HostConfig deployDirectory
信息: Deployment of web application directory D:\Develop\tomcat\tomcat-7.0.72-solr\webapps\manager has finished in 52 ms
八月 11, 2017 5:07:00 下午 org.apache.catalina.startup.HostConfig deployDirectory
信息: Deploying web application directory D:\Develop\tomcat\tomcat-7.0.72-solr\webapps\ROOT
八月 11, 2017 5:07:00 下午 org.apache.catalina.startup.HostConfig deployDirectory
信息: Deployment of web application directory D:\Develop\tomcat\tomcat-7.0.72-solr\webapps\ROOT has finished in 38 ms
八月 11, 2017 5:07:00 下午 org.apache.catalina.startup.Catalina start
信息: Server startup in 709 ms
八月 11, 2017 5:07:00 下午 org.apache.catalina.core.StandardServer await
严重: StandardServer.await: create[localhost:8005]: 
java.net.BindException: Address already in use: JVM_Bind
	at java.net.DualStackPlainSocketImpl.bind0(Native Method)
	at java.net.DualStackPlainSocketImpl.socketBind(DualStackPlainSocketImpl.java:106)
	at java.net.AbstractPlainSocketImpl.bind(AbstractPlainSocketImpl.java:387)
	at java.net.PlainSocketImpl.bind(PlainSocketImpl.java:190)
	at java.net.ServerSocket.bind(ServerSocket.java:375)
	at java.net.ServerSocket.<init>(ServerSocket.java:237)
	at org.apache.catalina.core.StandardServer.await(StandardServer.java:444)
	at org.apache.catalina.startup.Catalina.await(Catalina.java:781)
	at org.apache.catalina.startup.Catalina.start(Catalina.java:727)
	at sun.reflect.NativeMethodAccessorImpl.invoke0(Native Method)
	at sun.reflect.NativeMethodAccessorImpl.invoke(NativeMethodAccessorImpl.java:62)
	at sun.reflect.DelegatingMethodAccessorImpl.invoke(DelegatingMethodAccessorImpl.java:43)
	at java.lang.reflect.Method.invoke(Method.java:498)
	at org.apache.catalina.startup.Bootstrap.start(Bootstrap.java:294)
	at org.apache.catalina.startup.Bootstrap.main(Bootstrap.java:428)

八月 11, 2017 5:07:00 下午 org.apache.coyote.AbstractProtocol pause
信息: Pausing ProtocolHandler ["http-apr-8080"]
八月 11, 2017 5:07:00 下午 org.apache.coyote.AbstractProtocol pause
信息: Pausing ProtocolHandler ["ajp-apr-8009"]
八月 11, 2017 5:07:00 下午 org.apache.catalina.core.StandardService stopInternal
信息: Stopping service Catalina
八月 11, 2017 5:07:00 下午 org.apache.coyote.AbstractProtocol stop
信息: Stopping ProtocolHandler ["http-apr-8080"]
八月 11, 2017 5:07:00 下午 org.apache.coyote.AbstractProtocol destroy
信息: Destroying ProtocolHandler ["http-apr-8080"]
八月 11, 2017 5:07:00 下午 org.apache.coyote.AbstractProtocol stop
信息: Stopping ProtocolHandler ["ajp-apr-8009"]
八月 11, 2017 5:07:00 下午 org.apache.coyote.AbstractProtocol destroy
信息: Destroying ProtocolHandler ["ajp-apr-8009"]
八月 11, 2017 5:07:09 下午 org.apache.catalina.startup.VersionLoggerListener log
信息: Server version:        Apache Tomcat/7.0.72
八月 11, 2017 5:07:09 下午 org.apache.catalina.startup.VersionLoggerListener log
信息: Server built:          Sep 14 2016 12:12:26 UTC
八月 11, 2017 5:07:09 下午 org.apache.catalina.startup.VersionLoggerListener log
信息: Server number:         7.0.72.0
八月 11, 2017 5:07:09 下午 org.apache.catalina.startup.VersionLoggerListener log
信息: OS Name:               Windows 7
八月 11, 2017 5:07:09 下午 org.apache.catalina.startup.VersionLoggerListener log
信息: OS Version:            6.1
八月 11, 2017 5:07:09 下午 org.apache.catalina.startup.VersionLoggerListener log
信息: Architecture:          amd64
八月 11, 2017 5:07:09 下午 org.apache.catalina.startup.VersionLoggerListener log
信息: Java Home:             D:\Develop\Java\jdk1.8\jre
八月 11, 2017 5:07:09 下午 org.apache.catalina.startup.VersionLoggerListener log
信息: JVM Version:           1.8.0_131-b11
八月 11, 2017 5:07:09 下午 org.apache.catalina.startup.VersionLoggerListener log
信息: JVM Vendor:            Oracle Corporation
八月 11, 2017 5:07:09 下午 org.apache.catalina.startup.VersionLoggerListener log
信息: CATALINA_BASE:         D:\Develop\tomcat\tomcat-7.0.72-solr
八月 11, 2017 5:07:09 下午 org.apache.catalina.startup.VersionLoggerListener log
信息: CATALINA_HOME:         D:\Develop\tomcat\tomcat-7.0.72-solr
八月 11, 2017 5:07:09 下午 org.apache.catalina.startup.VersionLoggerListener log
信息: Command line argument: -Djdk.tls.ephemeralDHKeySize=2048
八月 11, 2017 5:07:09 下午 org.apache.catalina.startup.VersionLoggerListener log
信息: Command line argument: -Djava.util.logging.config.file=D:\Develop\tomcat\tomcat-7.0.72-solr\conf\logging.properties
八月 11, 2017 5:07:09 下午 org.apache.catalina.startup.VersionLoggerListener log
信息: Command line argument: -Djava.util.logging.manager=org.apache.juli.ClassLoaderLogManager
八月 11, 2017 5:07:09 下午 org.apache.catalina.startup.VersionLoggerListener log
信息: Command line argument: -Djava.endorsed.dirs=D:\Develop\tomcat\tomcat-7.0.72-solr\endorsed
八月 11, 2017 5:07:09 下午 org.apache.catalina.startup.VersionLoggerListener log
信息: Command line argument: -Dcatalina.base=D:\Develop\tomcat\tomcat-7.0.72-solr
八月 11, 2017 5:07:09 下午 org.apache.catalina.startup.VersionLoggerListener log
信息: Command line argument: -Dcatalina.home=D:\Develop\tomcat\tomcat-7.0.72-solr
八月 11, 2017 5:07:09 下午 org.apache.catalina.startup.VersionLoggerListener log
信息: Command line argument: -Djava.io.tmpdir=D:\Develop\tomcat\tomcat-7.0.72-solr\temp
八月 11, 2017 5:07:09 下午 org.apache.catalina.core.AprLifecycleListener lifecycleEvent
信息: Loaded APR based Apache Tomcat Native library 1.2.8 using APR version 1.5.2.
八月 11, 2017 5:07:09 下午 org.apache.catalina.core.AprLifecycleListener lifecycleEvent
信息: APR capabilities: IPv6 [true], sendfile [true], accept filters [false], random [true].
八月 11, 2017 5:07:10 下午 org.apache.catalina.core.AprLifecycleListener initializeSSL
信息: OpenSSL successfully initialized (OpenSSL 1.0.2h  3 May 2016)
八月 11, 2017 5:07:10 下午 org.apache.coyote.AbstractProtocol init
信息: Initializing ProtocolHandler ["http-apr-8080"]
八月 11, 2017 5:07:10 下午 org.apache.coyote.AbstractProtocol init
信息: Initializing ProtocolHandler ["ajp-apr-8009"]
八月 11, 2017 5:07:10 下午 org.apache.catalina.startup.Catalina load
信息: Initialization processed in 1242 ms
八月 11, 2017 5:07:10 下午 org.apache.catalina.core.StandardService startInternal
信息: Starting service Catalina
八月 11, 2017 5:07:10 下午 org.apache.catalina.core.StandardEngine startInternal
信息: Starting Servlet Engine: Apache Tomcat/7.0.72
八月 11, 2017 5:07:10 下午 org.apache.catalina.startup.HostConfig deployDirectory
信息: Deploying web application directory D:\Develop\tomcat\tomcat-7.0.72-solr\webapps\docs
八月 11, 2017 5:07:10 下午 org.apache.catalina.startup.HostConfig deployDirectory
信息: Deployment of web application directory D:\Develop\tomcat\tomcat-7.0.72-solr\webapps\docs has finished in 271 ms
八月 11, 2017 5:07:10 下午 org.apache.catalina.startup.HostConfig deployDirectory
信息: Deploying web application directory D:\Develop\tomcat\tomcat-7.0.72-solr\webapps\examples
八月 11, 2017 5:07:10 下午 org.apache.catalina.startup.HostConfig deployDirectory
信息: Deployment of web application directory D:\Develop\tomcat\tomcat-7.0.72-solr\webapps\examples has finished in 256 ms
八月 11, 2017 5:07:10 下午 org.apache.catalina.startup.HostConfig deployDirectory
信息: Deploying web application directory D:\Develop\tomcat\tomcat-7.0.72-solr\webapps\host-manager
八月 11, 2017 5:07:10 下午 org.apache.catalina.startup.HostConfig deployDirectory
信息: Deployment of web application directory D:\Develop\tomcat\tomcat-7.0.72-solr\webapps\host-manager has finished in 53 ms
八月 11, 2017 5:07:10 下午 org.apache.catalina.startup.HostConfig deployDirectory
信息: Deploying web application directory D:\Develop\tomcat\tomcat-7.0.72-solr\webapps\manager
八月 11, 2017 5:07:10 下午 org.apache.catalina.startup.HostConfig deployDirectory
信息: Deployment of web application directory D:\Develop\tomcat\tomcat-7.0.72-solr\webapps\manager has finished in 59 ms
八月 11, 2017 5:07:10 下午 org.apache.catalina.startup.HostConfig deployDirectory
信息: Deploying web application directory D:\Develop\tomcat\tomcat-7.0.72-solr\webapps\ROOT
八月 11, 2017 5:07:10 下午 org.apache.catalina.startup.HostConfig deployDirectory
信息: Deployment of web application directory D:\Develop\tomcat\tomcat-7.0.72-solr\webapps\ROOT has finished in 41 ms
八月 11, 2017 5:07:10 下午 org.apache.coyote.AbstractProtocol start
信息: Starting ProtocolHandler ["http-apr-8080"]
八月 11, 2017 5:07:10 下午 org.apache.coyote.AbstractProtocol start
信息: Starting ProtocolHandler ["ajp-apr-8009"]
八月 11, 2017 5:07:10 下午 org.apache.catalina.startup.Catalina start
信息: Server startup in 745 ms
八月 11, 2017 5:07:30 下午 org.apache.catalina.startup.VersionLoggerListener log
信息: Server version:        Apache Tomcat/7.0.72
八月 11, 2017 5:07:30 下午 org.apache.catalina.startup.VersionLoggerListener log
信息: Server built:          Sep 14 2016 12:12:26 UTC
八月 11, 2017 5:07:30 下午 org.apache.catalina.startup.VersionLoggerListener log
信息: Server number:         7.0.72.0
八月 11, 2017 5:07:30 下午 org.apache.catalina.startup.VersionLoggerListener log
信息: OS Name:               Windows 7
八月 11, 2017 5:07:30 下午 org.apache.catalina.startup.VersionLoggerListener log
信息: OS Version:            6.1
八月 11, 2017 5:07:30 下午 org.apache.catalina.startup.VersionLoggerListener log
信息: Architecture:          amd64
八月 11, 2017 5:07:30 下午 org.apache.catalina.startup.VersionLoggerListener log
信息: Java Home:             D:\Develop\Java\jdk1.8\jre
八月 11, 2017 5:07:30 下午 org.apache.catalina.startup.VersionLoggerListener log
信息: JVM Version:           1.8.0_131-b11
八月 11, 2017 5:07:30 下午 org.apache.catalina.startup.VersionLoggerListener log
信息: JVM Vendor:            Oracle Corporation
八月 11, 2017 5:07:30 下午 org.apache.catalina.startup.VersionLoggerListener log
信息: CATALINA_BASE:         D:\Develop\tomcat\tomcat-7.0.72-solr
八月 11, 2017 5:07:30 下午 org.apache.catalina.startup.VersionLoggerListener log
信息: CATALINA_HOME:         D:\Develop\tomcat\tomcat-7.0.72-solr
八月 11, 2017 5:07:30 下午 org.apache.catalina.startup.VersionLoggerListener log
信息: Command line argument: -Djdk.tls.ephemeralDHKeySize=2048
八月 11, 2017 5:07:30 下午 org.apache.catalina.startup.VersionLoggerListener log
信息: Command line argument: -Djava.util.logging.config.file=D:\Develop\tomcat\tomcat-7.0.72-solr\conf\logging.properties
八月 11, 2017 5:07:30 下午 org.apache.catalina.startup.VersionLoggerListener log
信息: Command line argument: -Djava.util.logging.manager=org.apache.juli.ClassLoaderLogManager
八月 11, 2017 5:07:30 下午 org.apache.catalina.startup.VersionLoggerListener log
信息: Command line argument: -Djava.endorsed.dirs=D:\Develop\tomcat\tomcat-7.0.72-solr\endorsed
八月 11, 2017 5:07:30 下午 org.apache.catalina.startup.VersionLoggerListener log
信息: Command line argument: -Dcatalina.base=D:\Develop\tomcat\tomcat-7.0.72-solr
八月 11, 2017 5:07:30 下午 org.apache.catalina.startup.VersionLoggerListener log
信息: Command line argument: -Dcatalina.home=D:\Develop\tomcat\tomcat-7.0.72-solr
八月 11, 2017 5:07:30 下午 org.apache.catalina.startup.VersionLoggerListener log
信息: Command line argument: -Djava.io.tmpdir=D:\Develop\tomcat\tomcat-7.0.72-solr\temp
八月 11, 2017 5:07:30 下午 org.apache.catalina.core.AprLifecycleListener lifecycleEvent
信息: Loaded APR based Apache Tomcat Native library 1.2.8 using APR version 1.5.2.
八月 11, 2017 5:07:30 下午 org.apache.catalina.core.AprLifecycleListener lifecycleEvent
信息: APR capabilities: IPv6 [true], sendfile [true], accept filters [false], random [true].
八月 11, 2017 5:07:31 下午 org.apache.catalina.core.AprLifecycleListener initializeSSL
信息: OpenSSL successfully initialized (OpenSSL 1.0.2h  3 May 2016)
八月 11, 2017 5:07:31 下午 org.apache.coyote.AbstractProtocol init
信息: Initializing ProtocolHandler ["http-apr-8080"]
八月 11, 2017 5:07:31 下午 org.apache.coyote.AbstractProtocol init
信息: Initializing ProtocolHandler ["ajp-apr-8009"]
八月 11, 2017 5:07:31 下午 org.apache.catalina.startup.Catalina load
信息: Initialization processed in 1253 ms
八月 11, 2017 5:07:31 下午 org.apache.catalina.core.StandardService startInternal
信息: Starting service Catalina
八月 11, 2017 5:07:31 下午 org.apache.catalina.core.StandardEngine startInternal
信息: Starting Servlet Engine: Apache Tomcat/7.0.72
八月 11, 2017 5:07:31 下午 org.apache.catalina.startup.HostConfig deployDirectory
信息: Deploying web application directory D:\Develop\tomcat\tomcat-7.0.72-solr\webapps\docs
八月 11, 2017 5:07:31 下午 org.apache.catalina.startup.HostConfig deployDirectory
信息: Deployment of web application directory D:\Develop\tomcat\tomcat-7.0.72-solr\webapps\docs has finished in 272 ms
八月 11, 2017 5:07:31 下午 org.apache.catalina.startup.HostConfig deployDirectory
信息: Deploying web application directory D:\Develop\tomcat\tomcat-7.0.72-solr\webapps\examples
八月 11, 2017 5:07:32 下午 org.apache.catalina.startup.HostConfig deployDirectory
信息: Deployment of web application directory D:\Develop\tomcat\tomcat-7.0.72-solr\webapps\examples has finished in 250 ms
八月 11, 2017 5:07:32 下午 org.apache.catalina.startup.HostConfig deployDirectory
信息: Deploying web application directory D:\Develop\tomcat\tomcat-7.0.72-solr\webapps\host-manager
八月 11, 2017 5:07:32 下午 org.apache.catalina.startup.HostConfig deployDirectory
信息: Deployment of web application directory D:\Develop\tomcat\tomcat-7.0.72-solr\webapps\host-manager has finished in 53 ms
八月 11, 2017 5:07:32 下午 org.apache.catalina.startup.HostConfig deployDirectory
信息: Deploying web application directory D:\Develop\tomcat\tomcat-7.0.72-solr\webapps\manager
八月 11, 2017 5:07:32 下午 org.apache.catalina.startup.HostConfig deployDirectory
信息: Deployment of web application directory D:\Develop\tomcat\tomcat-7.0.72-solr\webapps\manager has finished in 49 ms
八月 11, 2017 5:07:32 下午 org.apache.catalina.startup.HostConfig deployDirectory
信息: Deploying web application directory D:\Develop\tomcat\tomcat-7.0.72-solr\webapps\ROOT
八月 11, 2017 5:07:32 下午 org.apache.catalina.startup.HostConfig deployDirectory
信息: Deployment of web application directory D:\Develop\tomcat\tomcat-7.0.72-solr\webapps\ROOT has finished in 41 ms
八月 11, 2017 5:07:32 下午 org.apache.catalina.startup.HostConfig deployDirectory
信息: Deploying web application directory D:\Develop\tomcat\tomcat-7.0.72-solr\webapps\solr
八月 11, 2017 5:07:32 下午 org.apache.catalina.loader.WebappClassLoaderBase validateJarFile
信息: validateJarFile(D:\Develop\tomcat\tomcat-7.0.72-solr\webapps\solr\WEB-INF\lib\servlet-api-3.0.jar) - jar not loaded. See Servlet Spec 3.0, section 10.7.2. Offending class: javax/servlet/Servlet.class
八月 11, 2017 5:07:33 下午 org.apache.catalina.startup.TldConfig execute
信息: At least one JAR was scanned for TLDs yet contained no TLDs. Enable debug logging for this logger for a complete list of JARs that were scanned but no TLDs were found in them. Skipping unneeded JARs during scanning can improve startup time and JSP compilation time.
八月 11, 2017 5:07:35 下午 org.apache.catalina.startup.HostConfig deployDirectory
信息: Deployment of web application directory D:\Develop\tomcat\tomcat-7.0.72-solr\webapps\solr has finished in 3,296 ms
八月 11, 2017 5:07:35 下午 org.apache.coyote.AbstractProtocol start
信息: Starting ProtocolHandler ["http-apr-8080"]
八月 11, 2017 5:07:35 下午 org.apache.coyote.AbstractProtocol start
信息: Starting ProtocolHandler ["ajp-apr-8009"]
八月 11, 2017 5:07:35 下午 org.apache.catalina.startup.Catalina start
信息: Server startup in 4036 ms
