八月 14, 2017 9:32:42 上午 org.apache.catalina.startup.VersionLoggerListener log
信息: Server version:        Apache Tomcat/7.0.72
八月 14, 2017 9:32:42 上午 org.apache.catalina.startup.VersionLoggerListener log
信息: Server built:          Sep 14 2016 12:12:26 UTC
八月 14, 2017 9:32:42 上午 org.apache.catalina.startup.VersionLoggerListener log
信息: Server number:         7.0.72.0
八月 14, 2017 9:32:42 上午 org.apache.catalina.startup.VersionLoggerListener log
信息: OS Name:               Windows 7
八月 14, 2017 9:32:42 上午 org.apache.catalina.startup.VersionLoggerListener log
信息: OS Version:            6.1
八月 14, 2017 9:32:42 上午 org.apache.catalina.startup.VersionLoggerListener log
信息: Architecture:          amd64
八月 14, 2017 9:32:42 上午 org.apache.catalina.startup.VersionLoggerListener log
信息: Java Home:             D:\Develop\Java\jdk1.8\jre
八月 14, 2017 9:32:42 上午 org.apache.catalina.startup.VersionLoggerListener log
信息: JVM Version:           1.8.0_131-b11
八月 14, 2017 9:32:42 上午 org.apache.catalina.startup.VersionLoggerListener log
信息: JVM Vendor:            Oracle Corporation
八月 14, 2017 9:32:42 上午 org.apache.catalina.startup.VersionLoggerListener log
信息: CATALINA_BASE:         D:\Develop\solr\tomcat-7.0.72-solr
八月 14, 2017 9:32:42 上午 org.apache.catalina.startup.VersionLoggerListener log
信息: CATALINA_HOME:         D:\Develop\solr\tomcat-7.0.72-solr
八月 14, 2017 9:32:42 上午 org.apache.catalina.startup.VersionLoggerListener log
信息: Command line argument: -Djdk.tls.ephemeralDHKeySize=2048
八月 14, 2017 9:32:42 上午 org.apache.catalina.startup.VersionLoggerListener log
信息: Command line argument: -Djava.util.logging.config.file=D:\Develop\solr\tomcat-7.0.72-solr\conf\logging.properties
八月 14, 2017 9:32:42 上午 org.apache.catalina.startup.VersionLoggerListener log
信息: Command line argument: -Djava.util.logging.manager=org.apache.juli.ClassLoaderLogManager
八月 14, 2017 9:32:42 上午 org.apache.catalina.startup.VersionLoggerListener log
信息: Command line argument: -Djava.endorsed.dirs=D:\Develop\solr\tomcat-7.0.72-solr\endorsed
八月 14, 2017 9:32:42 上午 org.apache.catalina.startup.VersionLoggerListener log
信息: Command line argument: -Dcatalina.base=D:\Develop\solr\tomcat-7.0.72-solr
八月 14, 2017 9:32:42 上午 org.apache.catalina.startup.VersionLoggerListener log
信息: Command line argument: -Dcatalina.home=D:\Develop\solr\tomcat-7.0.72-solr
八月 14, 2017 9:32:42 上午 org.apache.catalina.startup.VersionLoggerListener log
信息: Command line argument: -Djava.io.tmpdir=D:\Develop\solr\tomcat-7.0.72-solr\temp
八月 14, 2017 9:32:42 上午 org.apache.catalina.core.AprLifecycleListener lifecycleEvent
信息: Loaded APR based Apache Tomcat Native library 1.2.8 using APR version 1.5.2.
八月 14, 2017 9:32:42 上午 org.apache.catalina.core.AprLifecycleListener lifecycleEvent
信息: APR capabilities: IPv6 [true], sendfile [true], accept filters [false], random [true].
八月 14, 2017 9:32:42 上午 org.apache.catalina.core.AprLifecycleListener initializeSSL
信息: OpenSSL successfully initialized (OpenSSL 1.0.2h  3 May 2016)
八月 14, 2017 9:32:43 上午 org.apache.coyote.AbstractProtocol init
信息: Initializing ProtocolHandler ["http-apr-8080"]
八月 14, 2017 9:32:43 上午 org.apache.coyote.AbstractProtocol init
信息: Initializing ProtocolHandler ["ajp-apr-8009"]
八月 14, 2017 9:32:43 上午 org.apache.catalina.startup.Catalina load
信息: Initialization processed in 1456 ms
八月 14, 2017 9:32:43 上午 org.apache.catalina.core.StandardService startInternal
信息: Starting service Catalina
八月 14, 2017 9:32:43 上午 org.apache.catalina.core.StandardEngine startInternal
信息: Starting Servlet Engine: Apache Tomcat/7.0.72
八月 14, 2017 9:32:43 上午 org.apache.catalina.startup.HostConfig deployDirectory
信息: Deploying web application directory D:\Develop\solr\tomcat-7.0.72-solr\webapps\docs
八月 14, 2017 9:32:43 上午 org.apache.catalina.startup.HostConfig deployDirectory
信息: Deployment of web application directory D:\Develop\solr\tomcat-7.0.72-solr\webapps\docs has finished in 298 ms
八月 14, 2017 9:32:43 上午 org.apache.catalina.startup.HostConfig deployDirectory
信息: Deploying web application directory D:\Develop\solr\tomcat-7.0.72-solr\webapps\examples
八月 14, 2017 9:32:43 上午 org.apache.catalina.startup.HostConfig deployDirectory
信息: Deployment of web application directory D:\Develop\solr\tomcat-7.0.72-solr\webapps\examples has finished in 293 ms
八月 14, 2017 9:32:43 上午 org.apache.catalina.startup.HostConfig deployDirectory
信息: Deploying web application directory D:\Develop\solr\tomcat-7.0.72-solr\webapps\host-manager
八月 14, 2017 9:32:43 上午 org.apache.catalina.startup.HostConfig deployDirectory
信息: Deployment of web application directory D:\Develop\solr\tomcat-7.0.72-solr\webapps\host-manager has finished in 51 ms
八月 14, 2017 9:32:43 上午 org.apache.catalina.startup.HostConfig deployDirectory
信息: Deploying web application directory D:\Develop\solr\tomcat-7.0.72-solr\webapps\manager
八月 14, 2017 9:32:43 上午 org.apache.catalina.startup.HostConfig deployDirectory
信息: Deployment of web application directory D:\Develop\solr\tomcat-7.0.72-solr\webapps\manager has finished in 48 ms
八月 14, 2017 9:32:43 上午 org.apache.catalina.startup.HostConfig deployDirectory
信息: Deploying web application directory D:\Develop\solr\tomcat-7.0.72-solr\webapps\ROOT
八月 14, 2017 9:32:43 上午 org.apache.catalina.startup.HostConfig deployDirectory
信息: Deployment of web application directory D:\Develop\solr\tomcat-7.0.72-solr\webapps\ROOT has finished in 38 ms
八月 14, 2017 9:32:43 上午 org.apache.catalina.startup.HostConfig deployDirectory
信息: Deploying web application directory D:\Develop\solr\tomcat-7.0.72-solr\webapps\solr
八月 14, 2017 9:32:43 上午 org.apache.catalina.loader.WebappClassLoaderBase validateJarFile
信息: validateJarFile(D:\Develop\solr\tomcat-7.0.72-solr\webapps\solr\WEB-INF\lib\servlet-api-3.0.jar) - jar not loaded. See Servlet Spec 3.0, section 10.7.2. Offending class: javax/servlet/Servlet.class
八月 14, 2017 9:32:45 上午 org.apache.catalina.startup.TldConfig execute
信息: At least one JAR was scanned for TLDs yet contained no TLDs. Enable debug logging for this logger for a complete list of JARs that were scanned but no TLDs were found in them. Skipping unneeded JARs during scanning can improve startup time and JSP compilation time.
八月 14, 2017 9:32:47 上午 org.apache.catalina.startup.HostConfig deployDirectory
信息: Deployment of web application directory D:\Develop\solr\tomcat-7.0.72-solr\webapps\solr has finished in 3,816 ms
八月 14, 2017 9:32:47 上午 org.apache.coyote.AbstractProtocol start
信息: Starting ProtocolHandler ["http-apr-8080"]
八月 14, 2017 9:32:47 上午 org.apache.coyote.AbstractProtocol start
信息: Starting ProtocolHandler ["ajp-apr-8009"]
八月 14, 2017 9:32:47 上午 org.apache.catalina.startup.Catalina start
信息: Server startup in 4620 ms
八月 14, 2017 9:39:55 上午 org.apache.catalina.startup.VersionLoggerListener log
信息: Server version:        Apache Tomcat/7.0.72
八月 14, 2017 9:39:55 上午 org.apache.catalina.startup.VersionLoggerListener log
信息: Server built:          Sep 14 2016 12:12:26 UTC
八月 14, 2017 9:39:55 上午 org.apache.catalina.startup.VersionLoggerListener log
信息: Server number:         7.0.72.0
八月 14, 2017 9:39:55 上午 org.apache.catalina.startup.VersionLoggerListener log
信息: OS Name:               Windows 7
八月 14, 2017 9:39:55 上午 org.apache.catalina.startup.VersionLoggerListener log
信息: OS Version:            6.1
八月 14, 2017 9:39:55 上午 org.apache.catalina.startup.VersionLoggerListener log
信息: Architecture:          amd64
八月 14, 2017 9:39:55 上午 org.apache.catalina.startup.VersionLoggerListener log
信息: Java Home:             D:\Develop\Java\jdk1.8\jre
八月 14, 2017 9:39:55 上午 org.apache.catalina.startup.VersionLoggerListener log
信息: JVM Version:           1.8.0_131-b11
八月 14, 2017 9:39:55 上午 org.apache.catalina.startup.VersionLoggerListener log
信息: JVM Vendor:            Oracle Corporation
八月 14, 2017 9:39:55 上午 org.apache.catalina.startup.VersionLoggerListener log
信息: CATALINA_BASE:         D:\Develop\LuceneAndSolr\tomcat-7.0.72-solr
八月 14, 2017 9:39:55 上午 org.apache.catalina.startup.VersionLoggerListener log
信息: CATALINA_HOME:         D:\Develop\LuceneAndSolr\tomcat-7.0.72-solr
八月 14, 2017 9:39:55 上午 org.apache.catalina.startup.VersionLoggerListener log
信息: Command line argument: -Djdk.tls.ephemeralDHKeySize=2048
八月 14, 2017 9:39:55 上午 org.apache.catalina.startup.VersionLoggerListener log
信息: Command line argument: -Djava.util.logging.config.file=D:\Develop\LuceneAndSolr\tomcat-7.0.72-solr\conf\logging.properties
八月 14, 2017 9:39:55 上午 org.apache.catalina.startup.VersionLoggerListener log
信息: Command line argument: -Djava.util.logging.manager=org.apache.juli.ClassLoaderLogManager
八月 14, 2017 9:39:55 上午 org.apache.catalina.startup.VersionLoggerListener log
信息: Command line argument: -Djava.endorsed.dirs=D:\Develop\LuceneAndSolr\tomcat-7.0.72-solr\endorsed
八月 14, 2017 9:39:55 上午 org.apache.catalina.startup.VersionLoggerListener log
信息: Command line argument: -Dcatalina.base=D:\Develop\LuceneAndSolr\tomcat-7.0.72-solr
八月 14, 2017 9:39:55 上午 org.apache.catalina.startup.VersionLoggerListener log
信息: Command line argument: -Dcatalina.home=D:\Develop\LuceneAndSolr\tomcat-7.0.72-solr
八月 14, 2017 9:39:55 上午 org.apache.catalina.startup.VersionLoggerListener log
信息: Command line argument: -Djava.io.tmpdir=D:\Develop\LuceneAndSolr\tomcat-7.0.72-solr\temp
八月 14, 2017 9:39:55 上午 org.apache.catalina.core.AprLifecycleListener lifecycleEvent
信息: Loaded APR based Apache Tomcat Native library 1.2.8 using APR version 1.5.2.
八月 14, 2017 9:39:55 上午 org.apache.catalina.core.AprLifecycleListener lifecycleEvent
信息: APR capabilities: IPv6 [true], sendfile [true], accept filters [false], random [true].
八月 14, 2017 9:39:56 上午 org.apache.catalina.core.AprLifecycleListener initializeSSL
信息: OpenSSL successfully initialized (OpenSSL 1.0.2h  3 May 2016)
八月 14, 2017 9:39:56 上午 org.apache.coyote.AbstractProtocol init
信息: Initializing ProtocolHandler ["http-apr-8080"]
八月 14, 2017 9:39:56 上午 org.apache.coyote.AbstractProtocol init
信息: Initializing ProtocolHandler ["ajp-apr-8009"]
八月 14, 2017 9:39:56 上午 org.apache.catalina.startup.Catalina load
信息: Initialization processed in 1237 ms
八月 14, 2017 9:39:56 上午 org.apache.catalina.core.StandardService startInternal
信息: Starting service Catalina
八月 14, 2017 9:39:56 上午 org.apache.catalina.core.StandardEngine startInternal
信息: Starting Servlet Engine: Apache Tomcat/7.0.72
八月 14, 2017 9:39:56 上午 org.apache.catalina.startup.HostConfig deployDirectory
信息: Deploying web application directory D:\Develop\LuceneAndSolr\tomcat-7.0.72-solr\webapps\docs
八月 14, 2017 9:39:56 上午 org.apache.catalina.startup.HostConfig deployDirectory
信息: Deployment of web application directory D:\Develop\LuceneAndSolr\tomcat-7.0.72-solr\webapps\docs has finished in 287 ms
八月 14, 2017 9:39:56 上午 org.apache.catalina.startup.HostConfig deployDirectory
信息: Deploying web application directory D:\Develop\LuceneAndSolr\tomcat-7.0.72-solr\webapps\examples
八月 14, 2017 9:39:56 上午 org.apache.catalina.startup.HostConfig deployDirectory
信息: Deployment of web application directory D:\Develop\LuceneAndSolr\tomcat-7.0.72-solr\webapps\examples has finished in 274 ms
八月 14, 2017 9:39:56 上午 org.apache.catalina.startup.HostConfig deployDirectory
信息: Deploying web application directory D:\Develop\LuceneAndSolr\tomcat-7.0.72-solr\webapps\host-manager
八月 14, 2017 9:39:56 上午 org.apache.catalina.startup.HostConfig deployDirectory
信息: Deployment of web application directory D:\Develop\LuceneAndSolr\tomcat-7.0.72-solr\webapps\host-manager has finished in 50 ms
八月 14, 2017 9:39:56 上午 org.apache.catalina.startup.HostConfig deployDirectory
信息: Deploying web application directory D:\Develop\LuceneAndSolr\tomcat-7.0.72-solr\webapps\manager
八月 14, 2017 9:39:56 上午 org.apache.catalina.startup.HostConfig deployDirectory
信息: Deployment of web application directory D:\Develop\LuceneAndSolr\tomcat-7.0.72-solr\webapps\manager has finished in 52 ms
八月 14, 2017 9:39:56 上午 org.apache.catalina.startup.HostConfig deployDirectory
信息: Deploying web application directory D:\Develop\LuceneAndSolr\tomcat-7.0.72-solr\webapps\ROOT
八月 14, 2017 9:39:56 上午 org.apache.catalina.startup.HostConfig deployDirectory
信息: Deployment of web application directory D:\Develop\LuceneAndSolr\tomcat-7.0.72-solr\webapps\ROOT has finished in 37 ms
八月 14, 2017 9:39:56 上午 org.apache.catalina.startup.HostConfig deployDirectory
信息: Deploying web application directory D:\Develop\LuceneAndSolr\tomcat-7.0.72-solr\webapps\solr
八月 14, 2017 9:39:57 上午 org.apache.catalina.loader.WebappClassLoaderBase validateJarFile
信息: validateJarFile(D:\Develop\LuceneAndSolr\tomcat-7.0.72-solr\webapps\solr\WEB-INF\lib\servlet-api-3.0.jar) - jar not loaded. See Servlet Spec 3.0, section 10.7.2. Offending class: javax/servlet/Servlet.class
八月 14, 2017 9:39:58 上午 org.apache.catalina.startup.TldConfig execute
信息: At least one JAR was scanned for TLDs yet contained no TLDs. Enable debug logging for this logger for a complete list of JARs that were scanned but no TLDs were found in them. Skipping unneeded JARs during scanning can improve startup time and JSP compilation time.
八月 14, 2017 9:40:00 上午 org.apache.catalina.startup.HostConfig deployDirectory
信息: Deployment of web application directory D:\Develop\LuceneAndSolr\tomcat-7.0.72-solr\webapps\solr has finished in 3,556 ms
八月 14, 2017 9:40:00 上午 org.apache.coyote.AbstractProtocol start
信息: Starting ProtocolHandler ["http-apr-8080"]
八月 14, 2017 9:40:00 上午 org.apache.coyote.AbstractProtocol start
信息: Starting ProtocolHandler ["ajp-apr-8009"]
八月 14, 2017 9:40:00 上午 org.apache.catalina.startup.Catalina start
信息: Server startup in 4362 ms
八月 14, 2017 10:02:51 上午 org.apache.catalina.startup.VersionLoggerListener log
信息: Server version:        Apache Tomcat/7.0.72
八月 14, 2017 10:02:51 上午 org.apache.catalina.startup.VersionLoggerListener log
信息: Server built:          Sep 14 2016 12:12:26 UTC
八月 14, 2017 10:02:51 上午 org.apache.catalina.startup.VersionLoggerListener log
信息: Server number:         7.0.72.0
八月 14, 2017 10:02:51 上午 org.apache.catalina.startup.VersionLoggerListener log
信息: OS Name:               Windows 7
八月 14, 2017 10:02:51 上午 org.apache.catalina.startup.VersionLoggerListener log
信息: OS Version:            6.1
八月 14, 2017 10:02:51 上午 org.apache.catalina.startup.VersionLoggerListener log
信息: Architecture:          amd64
八月 14, 2017 10:02:51 上午 org.apache.catalina.startup.VersionLoggerListener log
信息: Java Home:             D:\Develop\Java\jdk1.8\jre
八月 14, 2017 10:02:51 上午 org.apache.catalina.startup.VersionLoggerListener log
信息: JVM Version:           1.8.0_131-b11
八月 14, 2017 10:02:51 上午 org.apache.catalina.startup.VersionLoggerListener log
信息: JVM Vendor:            Oracle Corporation
八月 14, 2017 10:02:51 上午 org.apache.catalina.startup.VersionLoggerListener log
信息: CATALINA_BASE:         D:\Develop\LuceneAndSolr\tomcat-7.0.72-solr
八月 14, 2017 10:02:51 上午 org.apache.catalina.startup.VersionLoggerListener log
信息: CATALINA_HOME:         D:\Develop\LuceneAndSolr\tomcat-7.0.72-solr
八月 14, 2017 10:02:51 上午 org.apache.catalina.startup.VersionLoggerListener log
信息: Command line argument: -Djdk.tls.ephemeralDHKeySize=2048
八月 14, 2017 10:02:51 上午 org.apache.catalina.startup.VersionLoggerListener log
信息: Command line argument: -Djava.util.logging.config.file=D:\Develop\LuceneAndSolr\tomcat-7.0.72-solr\conf\logging.properties
八月 14, 2017 10:02:51 上午 org.apache.catalina.startup.VersionLoggerListener log
信息: Command line argument: -Djava.util.logging.manager=org.apache.juli.ClassLoaderLogManager
八月 14, 2017 10:02:51 上午 org.apache.catalina.startup.VersionLoggerListener log
信息: Command line argument: -Djava.endorsed.dirs=D:\Develop\LuceneAndSolr\tomcat-7.0.72-solr\endorsed
八月 14, 2017 10:02:51 上午 org.apache.catalina.startup.VersionLoggerListener log
信息: Command line argument: -Dcatalina.base=D:\Develop\LuceneAndSolr\tomcat-7.0.72-solr
八月 14, 2017 10:02:51 上午 org.apache.catalina.startup.VersionLoggerListener log
信息: Command line argument: -Dcatalina.home=D:\Develop\LuceneAndSolr\tomcat-7.0.72-solr
八月 14, 2017 10:02:51 上午 org.apache.catalina.startup.VersionLoggerListener log
信息: Command line argument: -Djava.io.tmpdir=D:\Develop\LuceneAndSolr\tomcat-7.0.72-solr\temp
八月 14, 2017 10:02:51 上午 org.apache.catalina.core.AprLifecycleListener lifecycleEvent
信息: Loaded APR based Apache Tomcat Native library 1.2.8 using APR version 1.5.2.
八月 14, 2017 10:02:51 上午 org.apache.catalina.core.AprLifecycleListener lifecycleEvent
信息: APR capabilities: IPv6 [true], sendfile [true], accept filters [false], random [true].
八月 14, 2017 10:02:52 上午 org.apache.catalina.core.AprLifecycleListener initializeSSL
信息: OpenSSL successfully initialized (OpenSSL 1.0.2h  3 May 2016)
八月 14, 2017 10:02:52 上午 org.apache.coyote.AbstractProtocol init
信息: Initializing ProtocolHandler ["http-apr-8080"]
八月 14, 2017 10:02:52 上午 org.apache.coyote.AbstractProtocol init
信息: Initializing ProtocolHandler ["ajp-apr-8009"]
八月 14, 2017 10:02:52 上午 org.apache.catalina.startup.Catalina load
信息: Initialization processed in 1268 ms
八月 14, 2017 10:02:52 上午 org.apache.catalina.core.StandardService startInternal
信息: Starting service Catalina
八月 14, 2017 10:02:52 上午 org.apache.catalina.core.StandardEngine startInternal
信息: Starting Servlet Engine: Apache Tomcat/7.0.72
八月 14, 2017 10:02:52 上午 org.apache.catalina.startup.HostConfig deployDirectory
信息: Deploying web application directory D:\Develop\LuceneAndSolr\tomcat-7.0.72-solr\webapps\docs
八月 14, 2017 10:02:52 上午 org.apache.catalina.startup.HostConfig deployDirectory
信息: Deployment of web application directory D:\Develop\LuceneAndSolr\tomcat-7.0.72-solr\webapps\docs has finished in 264 ms
八月 14, 2017 10:02:52 上午 org.apache.catalina.startup.HostConfig deployDirectory
信息: Deploying web application directory D:\Develop\LuceneAndSolr\tomcat-7.0.72-solr\webapps\examples
八月 14, 2017 10:02:52 上午 org.apache.catalina.startup.HostConfig deployDirectory
信息: Deployment of web application directory D:\Develop\LuceneAndSolr\tomcat-7.0.72-solr\webapps\examples has finished in 299 ms
八月 14, 2017 10:02:52 上午 org.apache.catalina.startup.HostConfig deployDirectory
信息: Deploying web application directory D:\Develop\LuceneAndSolr\tomcat-7.0.72-solr\webapps\host-manager
八月 14, 2017 10:02:52 上午 org.apache.catalina.startup.HostConfig deployDirectory
信息: Deployment of web application directory D:\Develop\LuceneAndSolr\tomcat-7.0.72-solr\webapps\host-manager has finished in 54 ms
八月 14, 2017 10:02:52 上午 org.apache.catalina.startup.HostConfig deployDirectory
信息: Deploying web application directory D:\Develop\LuceneAndSolr\tomcat-7.0.72-solr\webapps\manager
八月 14, 2017 10:02:52 上午 org.apache.catalina.startup.HostConfig deployDirectory
信息: Deployment of web application directory D:\Develop\LuceneAndSolr\tomcat-7.0.72-solr\webapps\manager has finished in 54 ms
八月 14, 2017 10:02:52 上午 org.apache.catalina.startup.HostConfig deployDirectory
信息: Deploying web application directory D:\Develop\LuceneAndSolr\tomcat-7.0.72-solr\webapps\ROOT
八月 14, 2017 10:02:52 上午 org.apache.catalina.startup.HostConfig deployDirectory
信息: Deployment of web application directory D:\Develop\LuceneAndSolr\tomcat-7.0.72-solr\webapps\ROOT has finished in 43 ms
八月 14, 2017 10:02:52 上午 org.apache.catalina.startup.HostConfig deployDirectory
信息: Deploying web application directory D:\Develop\LuceneAndSolr\tomcat-7.0.72-solr\webapps\solr
八月 14, 2017 10:02:53 上午 org.apache.catalina.loader.WebappClassLoaderBase validateJarFile
信息: validateJarFile(D:\Develop\LuceneAndSolr\tomcat-7.0.72-solr\webapps\solr\WEB-INF\lib\servlet-api-3.0.jar) - jar not loaded. See Servlet Spec 3.0, section 10.7.2. Offending class: javax/servlet/Servlet.class
八月 14, 2017 10:02:54 上午 org.apache.catalina.startup.TldConfig execute
信息: At least one JAR was scanned for TLDs yet contained no TLDs. Enable debug logging for this logger for a complete list of JARs that were scanned but no TLDs were found in them. Skipping unneeded JARs during scanning can improve startup time and JSP compilation time.
八月 14, 2017 10:02:56 上午 org.apache.catalina.startup.HostConfig deployDirectory
信息: Deployment of web application directory D:\Develop\LuceneAndSolr\tomcat-7.0.72-solr\webapps\solr has finished in 3,795 ms
八月 14, 2017 10:02:56 上午 org.apache.coyote.AbstractProtocol start
信息: Starting ProtocolHandler ["http-apr-8080"]
八月 14, 2017 10:02:56 上午 org.apache.coyote.AbstractProtocol start
信息: Starting ProtocolHandler ["ajp-apr-8009"]
八月 14, 2017 10:02:56 上午 org.apache.catalina.startup.Catalina start
信息: Server startup in 4582 ms
八月 14, 2017 10:19:19 上午 org.apache.catalina.startup.VersionLoggerListener log
信息: Server version:        Apache Tomcat/7.0.72
八月 14, 2017 10:19:19 上午 org.apache.catalina.startup.VersionLoggerListener log
信息: Server built:          Sep 14 2016 12:12:26 UTC
八月 14, 2017 10:19:19 上午 org.apache.catalina.startup.VersionLoggerListener log
信息: Server number:         7.0.72.0
八月 14, 2017 10:19:19 上午 org.apache.catalina.startup.VersionLoggerListener log
信息: OS Name:               Windows 7
八月 14, 2017 10:19:19 上午 org.apache.catalina.startup.VersionLoggerListener log
信息: OS Version:            6.1
八月 14, 2017 10:19:19 上午 org.apache.catalina.startup.VersionLoggerListener log
信息: Architecture:          amd64
八月 14, 2017 10:19:19 上午 org.apache.catalina.startup.VersionLoggerListener log
信息: Java Home:             D:\Develop\Java\jdk1.8\jre
八月 14, 2017 10:19:19 上午 org.apache.catalina.startup.VersionLoggerListener log
信息: JVM Version:           1.8.0_131-b11
八月 14, 2017 10:19:19 上午 org.apache.catalina.startup.VersionLoggerListener log
信息: JVM Vendor:            Oracle Corporation
八月 14, 2017 10:19:19 上午 org.apache.catalina.startup.VersionLoggerListener log
信息: CATALINA_BASE:         D:\Develop\LuceneAndSolr\tomcat-7.0.72-solr
八月 14, 2017 10:19:19 上午 org.apache.catalina.startup.VersionLoggerListener log
信息: CATALINA_HOME:         D:\Develop\LuceneAndSolr\tomcat-7.0.72-solr
八月 14, 2017 10:19:19 上午 org.apache.catalina.startup.VersionLoggerListener log
信息: Command line argument: -Djdk.tls.ephemeralDHKeySize=2048
八月 14, 2017 10:19:19 上午 org.apache.catalina.startup.VersionLoggerListener log
信息: Command line argument: -Djava.util.logging.config.file=D:\Develop\LuceneAndSolr\tomcat-7.0.72-solr\conf\logging.properties
八月 14, 2017 10:19:19 上午 org.apache.catalina.startup.VersionLoggerListener log
信息: Command line argument: -Djava.util.logging.manager=org.apache.juli.ClassLoaderLogManager
八月 14, 2017 10:19:19 上午 org.apache.catalina.startup.VersionLoggerListener log
信息: Command line argument: -Djava.endorsed.dirs=D:\Develop\LuceneAndSolr\tomcat-7.0.72-solr\endorsed
八月 14, 2017 10:19:19 上午 org.apache.catalina.startup.VersionLoggerListener log
信息: Command line argument: -Dcatalina.base=D:\Develop\LuceneAndSolr\tomcat-7.0.72-solr
八月 14, 2017 10:19:19 上午 org.apache.catalina.startup.VersionLoggerListener log
信息: Command line argument: -Dcatalina.home=D:\Develop\LuceneAndSolr\tomcat-7.0.72-solr
八月 14, 2017 10:19:19 上午 org.apache.catalina.startup.VersionLoggerListener log
信息: Command line argument: -Djava.io.tmpdir=D:\Develop\LuceneAndSolr\tomcat-7.0.72-solr\temp
八月 14, 2017 10:19:19 上午 org.apache.catalina.core.AprLifecycleListener lifecycleEvent
信息: Loaded APR based Apache Tomcat Native library 1.2.8 using APR version 1.5.2.
八月 14, 2017 10:19:19 上午 org.apache.catalina.core.AprLifecycleListener lifecycleEvent
信息: APR capabilities: IPv6 [true], sendfile [true], accept filters [false], random [true].
八月 14, 2017 10:19:20 上午 org.apache.catalina.core.AprLifecycleListener initializeSSL
信息: OpenSSL successfully initialized (OpenSSL 1.0.2h  3 May 2016)
八月 14, 2017 10:19:20 上午 org.apache.coyote.AbstractProtocol init
信息: Initializing ProtocolHandler ["http-apr-8080"]
八月 14, 2017 10:19:20 上午 org.apache.coyote.AbstractProtocol init
信息: Initializing ProtocolHandler ["ajp-apr-8009"]
八月 14, 2017 10:19:20 上午 org.apache.catalina.startup.Catalina load
信息: Initialization processed in 1252 ms
八月 14, 2017 10:19:20 上午 org.apache.catalina.core.StandardService startInternal
信息: Starting service Catalina
八月 14, 2017 10:19:20 上午 org.apache.catalina.core.StandardEngine startInternal
信息: Starting Servlet Engine: Apache Tomcat/7.0.72
八月 14, 2017 10:19:20 上午 org.apache.catalina.startup.HostConfig deployDirectory
信息: Deploying web application directory D:\Develop\LuceneAndSolr\tomcat-7.0.72-solr\webapps\docs
八月 14, 2017 10:19:20 上午 org.apache.catalina.startup.HostConfig deployDirectory
信息: Deployment of web application directory D:\Develop\LuceneAndSolr\tomcat-7.0.72-solr\webapps\docs has finished in 267 ms
八月 14, 2017 10:19:20 上午 org.apache.catalina.startup.HostConfig deployDirectory
信息: Deploying web application directory D:\Develop\LuceneAndSolr\tomcat-7.0.72-solr\webapps\examples
八月 14, 2017 10:19:20 上午 org.apache.catalina.startup.HostConfig deployDirectory
信息: Deployment of web application directory D:\Develop\LuceneAndSolr\tomcat-7.0.72-solr\webapps\examples has finished in 276 ms
八月 14, 2017 10:19:20 上午 org.apache.catalina.startup.HostConfig deployDirectory
信息: Deploying web application directory D:\Develop\LuceneAndSolr\tomcat-7.0.72-solr\webapps\host-manager
八月 14, 2017 10:19:20 上午 org.apache.catalina.startup.HostConfig deployDirectory
信息: Deployment of web application directory D:\Develop\LuceneAndSolr\tomcat-7.0.72-solr\webapps\host-manager has finished in 57 ms
八月 14, 2017 10:19:20 上午 org.apache.catalina.startup.HostConfig deployDirectory
信息: Deploying web application directory D:\Develop\LuceneAndSolr\tomcat-7.0.72-solr\webapps\manager
八月 14, 2017 10:19:20 上午 org.apache.catalina.startup.HostConfig deployDirectory
信息: Deployment of web application directory D:\Develop\LuceneAndSolr\tomcat-7.0.72-solr\webapps\manager has finished in 50 ms
八月 14, 2017 10:19:20 上午 org.apache.catalina.startup.HostConfig deployDirectory
信息: Deploying web application directory D:\Develop\LuceneAndSolr\tomcat-7.0.72-solr\webapps\ROOT
八月 14, 2017 10:19:20 上午 org.apache.catalina.startup.HostConfig deployDirectory
信息: Deployment of web application directory D:\Develop\LuceneAndSolr\tomcat-7.0.72-solr\webapps\ROOT has finished in 41 ms
八月 14, 2017 10:19:20 上午 org.apache.catalina.startup.HostConfig deployDirectory
信息: Deploying web application directory D:\Develop\LuceneAndSolr\tomcat-7.0.72-solr\webapps\solr
八月 14, 2017 10:19:20 上午 org.apache.catalina.loader.WebappClassLoaderBase validateJarFile
信息: validateJarFile(D:\Develop\LuceneAndSolr\tomcat-7.0.72-solr\webapps\solr\WEB-INF\lib\servlet-api-3.0.jar) - jar not loaded. See Servlet Spec 3.0, section 10.7.2. Offending class: javax/servlet/Servlet.class
八月 14, 2017 10:19:22 上午 org.apache.catalina.startup.TldConfig execute
信息: At least one JAR was scanned for TLDs yet contained no TLDs. Enable debug logging for this logger for a complete list of JARs that were scanned but no TLDs were found in them. Skipping unneeded JARs during scanning can improve startup time and JSP compilation time.
八月 14, 2017 10:19:24 上午 org.apache.catalina.startup.HostConfig deployDirectory
信息: Deployment of web application directory D:\Develop\LuceneAndSolr\tomcat-7.0.72-solr\webapps\solr has finished in 3,629 ms
八月 14, 2017 10:19:24 上午 org.apache.coyote.AbstractProtocol start
信息: Starting ProtocolHandler ["http-apr-8080"]
八月 14, 2017 10:19:24 上午 org.apache.coyote.AbstractProtocol start
信息: Starting ProtocolHandler ["ajp-apr-8009"]
八月 14, 2017 10:19:24 上午 org.apache.catalina.startup.Catalina start
信息: Server startup in 4415 ms
八月 14, 2017 11:18:59 上午 org.apache.catalina.core.StandardServer await
警告: StandardServer.await: Invalid command '' received
八月 14, 2017 11:20:56 上午 org.apache.catalina.core.StandardServer await
警告: StandardServer.await: Invalid command '' received
八月 14, 2017 11:22:51 上午 org.apache.catalina.core.StandardServer await
警告: StandardServer.await: Invalid command '' received
八月 14, 2017 11:30:10 上午 org.apache.catalina.core.StandardServer await
警告: StandardServer.await: Invalid command '' received
八月 14, 2017 12:06:09 下午 org.apache.catalina.core.StandardServer await
警告: StandardServer.await: Invalid command '' received
八月 14, 2017 3:04:18 下午 org.apache.catalina.core.StandardServer await
警告: StandardServer.await: Invalid command '' received
八月 14, 2017 3:07:08 下午 org.apache.catalina.core.StandardServer await
警告: StandardServer.await: Invalid command '' received
八月 14, 2017 3:10:06 下午 org.apache.catalina.core.StandardServer await
警告: StandardServer.await: Invalid command '' received
八月 14, 2017 3:17:34 下午 org.apache.catalina.core.StandardServer await
警告: StandardServer.await: Invalid command '' received
八月 14, 2017 3:19:24 下午 org.apache.catalina.core.StandardServer await
警告: StandardServer.await: Invalid command '' received
八月 14, 2017 3:20:50 下午 org.apache.catalina.core.StandardServer await
警告: StandardServer.await: Invalid command '' received
八月 14, 2017 3:34:00 下午 org.apache.catalina.core.StandardServer await
警告: StandardServer.await: Invalid command '' received
八月 14, 2017 3:42:49 下午 org.apache.catalina.startup.VersionLoggerListener log
信息: Server version:        Apache Tomcat/7.0.72
八月 14, 2017 3:42:49 下午 org.apache.catalina.startup.VersionLoggerListener log
信息: Server built:          Sep 14 2016 12:12:26 UTC
八月 14, 2017 3:42:49 下午 org.apache.catalina.startup.VersionLoggerListener log
信息: Server number:         7.0.72.0
八月 14, 2017 3:42:49 下午 org.apache.catalina.startup.VersionLoggerListener log
信息: OS Name:               Windows 7
八月 14, 2017 3:42:49 下午 org.apache.catalina.startup.VersionLoggerListener log
信息: OS Version:            6.1
八月 14, 2017 3:42:49 下午 org.apache.catalina.startup.VersionLoggerListener log
信息: Architecture:          amd64
八月 14, 2017 3:42:49 下午 org.apache.catalina.startup.VersionLoggerListener log
信息: Java Home:             D:\Develop\Java\jdk1.8\jre
八月 14, 2017 3:42:49 下午 org.apache.catalina.startup.VersionLoggerListener log
信息: JVM Version:           1.8.0_131-b11
八月 14, 2017 3:42:49 下午 org.apache.catalina.startup.VersionLoggerListener log
信息: JVM Vendor:            Oracle Corporation
八月 14, 2017 3:42:49 下午 org.apache.catalina.startup.VersionLoggerListener log
信息: CATALINA_BASE:         D:\Develop\LuceneAndSolr\tomcat-7.0.72-solr
八月 14, 2017 3:42:49 下午 org.apache.catalina.startup.VersionLoggerListener log
信息: CATALINA_HOME:         D:\Develop\LuceneAndSolr\tomcat-7.0.72-solr
八月 14, 2017 3:42:49 下午 org.apache.catalina.startup.VersionLoggerListener log
信息: Command line argument: -Djdk.tls.ephemeralDHKeySize=2048
八月 14, 2017 3:42:49 下午 org.apache.catalina.startup.VersionLoggerListener log
信息: Command line argument: -Djava.util.logging.config.file=D:\Develop\LuceneAndSolr\tomcat-7.0.72-solr\conf\logging.properties
八月 14, 2017 3:42:49 下午 org.apache.catalina.startup.VersionLoggerListener log
信息: Command line argument: -Djava.util.logging.manager=org.apache.juli.ClassLoaderLogManager
八月 14, 2017 3:42:49 下午 org.apache.catalina.startup.VersionLoggerListener log
信息: Command line argument: -Djava.endorsed.dirs=D:\Develop\LuceneAndSolr\tomcat-7.0.72-solr\endorsed
八月 14, 2017 3:42:49 下午 org.apache.catalina.startup.VersionLoggerListener log
信息: Command line argument: -Dcatalina.base=D:\Develop\LuceneAndSolr\tomcat-7.0.72-solr
八月 14, 2017 3:42:49 下午 org.apache.catalina.startup.VersionLoggerListener log
信息: Command line argument: -Dcatalina.home=D:\Develop\LuceneAndSolr\tomcat-7.0.72-solr
八月 14, 2017 3:42:49 下午 org.apache.catalina.startup.VersionLoggerListener log
信息: Command line argument: -Djava.io.tmpdir=D:\Develop\LuceneAndSolr\tomcat-7.0.72-solr\temp
八月 14, 2017 3:42:49 下午 org.apache.catalina.core.AprLifecycleListener lifecycleEvent
信息: Loaded APR based Apache Tomcat Native library 1.2.8 using APR version 1.5.2.
八月 14, 2017 3:42:49 下午 org.apache.catalina.core.AprLifecycleListener lifecycleEvent
信息: APR capabilities: IPv6 [true], sendfile [true], accept filters [false], random [true].
八月 14, 2017 3:42:50 下午 org.apache.catalina.core.AprLifecycleListener initializeSSL
信息: OpenSSL successfully initialized (OpenSSL 1.0.2h  3 May 2016)
八月 14, 2017 3:42:50 下午 org.apache.coyote.AbstractProtocol init
信息: Initializing ProtocolHandler ["http-apr-8080"]
八月 14, 2017 3:42:50 下午 org.apache.coyote.AbstractProtocol init
信息: Initializing ProtocolHandler ["ajp-apr-8009"]
八月 14, 2017 3:42:50 下午 org.apache.catalina.startup.Catalina load
信息: Initialization processed in 1247 ms
八月 14, 2017 3:42:50 下午 org.apache.catalina.core.StandardService startInternal
信息: Starting service Catalina
八月 14, 2017 3:42:50 下午 org.apache.catalina.core.StandardEngine startInternal
信息: Starting Servlet Engine: Apache Tomcat/7.0.72
八月 14, 2017 3:42:50 下午 org.apache.catalina.startup.HostConfig deployDirectory
信息: Deploying web application directory D:\Develop\LuceneAndSolr\tomcat-7.0.72-solr\webapps\docs
八月 14, 2017 3:42:50 下午 org.apache.catalina.startup.HostConfig deployDirectory
信息: Deployment of web application directory D:\Develop\LuceneAndSolr\tomcat-7.0.72-solr\webapps\docs has finished in 289 ms
八月 14, 2017 3:42:50 下午 org.apache.catalina.startup.HostConfig deployDirectory
信息: Deploying web application directory D:\Develop\LuceneAndSolr\tomcat-7.0.72-solr\webapps\examples
八月 14, 2017 3:42:51 下午 org.apache.catalina.startup.HostConfig deployDirectory
信息: Deployment of web application directory D:\Develop\LuceneAndSolr\tomcat-7.0.72-solr\webapps\examples has finished in 273 ms
八月 14, 2017 3:42:51 下午 org.apache.catalina.startup.HostConfig deployDirectory
信息: Deploying web application directory D:\Develop\LuceneAndSolr\tomcat-7.0.72-solr\webapps\host-manager
八月 14, 2017 3:42:51 下午 org.apache.catalina.startup.HostConfig deployDirectory
信息: Deployment of web application directory D:\Develop\LuceneAndSolr\tomcat-7.0.72-solr\webapps\host-manager has finished in 53 ms
八月 14, 2017 3:42:51 下午 org.apache.catalina.startup.HostConfig deployDirectory
信息: Deploying web application directory D:\Develop\LuceneAndSolr\tomcat-7.0.72-solr\webapps\manager
八月 14, 2017 3:42:51 下午 org.apache.catalina.startup.HostConfig deployDirectory
信息: Deployment of web application directory D:\Develop\LuceneAndSolr\tomcat-7.0.72-solr\webapps\manager has finished in 53 ms
八月 14, 2017 3:42:51 下午 org.apache.catalina.startup.HostConfig deployDirectory
信息: Deploying web application directory D:\Develop\LuceneAndSolr\tomcat-7.0.72-solr\webapps\ROOT
八月 14, 2017 3:42:51 下午 org.apache.catalina.startup.HostConfig deployDirectory
信息: Deployment of web application directory D:\Develop\LuceneAndSolr\tomcat-7.0.72-solr\webapps\ROOT has finished in 41 ms
八月 14, 2017 3:42:51 下午 org.apache.catalina.startup.HostConfig deployDirectory
信息: Deploying web application directory D:\Develop\LuceneAndSolr\tomcat-7.0.72-solr\webapps\solr
八月 14, 2017 3:42:51 下午 org.apache.catalina.loader.WebappClassLoaderBase validateJarFile
信息: validateJarFile(D:\Develop\LuceneAndSolr\tomcat-7.0.72-solr\webapps\solr\WEB-INF\lib\servlet-api-3.0.jar) - jar not loaded. See Servlet Spec 3.0, section 10.7.2. Offending class: javax/servlet/Servlet.class
八月 14, 2017 3:42:53 下午 org.apache.catalina.startup.TldConfig execute
信息: At least one JAR was scanned for TLDs yet contained no TLDs. Enable debug logging for this logger for a complete list of JARs that were scanned but no TLDs were found in them. Skipping unneeded JARs during scanning can improve startup time and JSP compilation time.
八月 14, 2017 3:42:55 下午 org.apache.catalina.startup.HostConfig deployDirectory
信息: Deployment of web application directory D:\Develop\LuceneAndSolr\tomcat-7.0.72-solr\webapps\solr has finished in 3,914 ms
八月 14, 2017 3:42:55 下午 org.apache.coyote.AbstractProtocol start
信息: Starting ProtocolHandler ["http-apr-8080"]
八月 14, 2017 3:42:55 下午 org.apache.coyote.AbstractProtocol start
信息: Starting ProtocolHandler ["ajp-apr-8009"]
八月 14, 2017 3:42:55 下午 org.apache.catalina.startup.Catalina start
信息: Server startup in 4693 ms
八月 14, 2017 4:06:41 下午 org.apache.catalina.startup.VersionLoggerListener log
信息: Server version:        Apache Tomcat/7.0.72
八月 14, 2017 4:06:41 下午 org.apache.catalina.startup.VersionLoggerListener log
信息: Server built:          Sep 14 2016 12:12:26 UTC
八月 14, 2017 4:06:41 下午 org.apache.catalina.startup.VersionLoggerListener log
信息: Server number:         7.0.72.0
八月 14, 2017 4:06:41 下午 org.apache.catalina.startup.VersionLoggerListener log
信息: OS Name:               Windows 7
八月 14, 2017 4:06:41 下午 org.apache.catalina.startup.VersionLoggerListener log
信息: OS Version:            6.1
八月 14, 2017 4:06:41 下午 org.apache.catalina.startup.VersionLoggerListener log
信息: Architecture:          amd64
八月 14, 2017 4:06:41 下午 org.apache.catalina.startup.VersionLoggerListener log
信息: Java Home:             D:\Develop\Java\jdk1.8\jre
八月 14, 2017 4:06:41 下午 org.apache.catalina.startup.VersionLoggerListener log
信息: JVM Version:           1.8.0_131-b11
八月 14, 2017 4:06:41 下午 org.apache.catalina.startup.VersionLoggerListener log
信息: JVM Vendor:            Oracle Corporation
八月 14, 2017 4:06:41 下午 org.apache.catalina.startup.VersionLoggerListener log
信息: CATALINA_BASE:         D:\Develop\LuceneAndSolr\tomcat-7.0.72-solr
八月 14, 2017 4:06:41 下午 org.apache.catalina.startup.VersionLoggerListener log
信息: CATALINA_HOME:         D:\Develop\LuceneAndSolr\tomcat-7.0.72-solr
八月 14, 2017 4:06:41 下午 org.apache.catalina.startup.VersionLoggerListener log
信息: Command line argument: -Djdk.tls.ephemeralDHKeySize=2048
八月 14, 2017 4:06:41 下午 org.apache.catalina.startup.VersionLoggerListener log
信息: Command line argument: -Djava.util.logging.config.file=D:\Develop\LuceneAndSolr\tomcat-7.0.72-solr\conf\logging.properties
八月 14, 2017 4:06:41 下午 org.apache.catalina.startup.VersionLoggerListener log
信息: Command line argument: -Djava.util.logging.manager=org.apache.juli.ClassLoaderLogManager
八月 14, 2017 4:06:41 下午 org.apache.catalina.startup.VersionLoggerListener log
信息: Command line argument: -Djava.endorsed.dirs=D:\Develop\LuceneAndSolr\tomcat-7.0.72-solr\endorsed
八月 14, 2017 4:06:41 下午 org.apache.catalina.startup.VersionLoggerListener log
信息: Command line argument: -Dcatalina.base=D:\Develop\LuceneAndSolr\tomcat-7.0.72-solr
八月 14, 2017 4:06:41 下午 org.apache.catalina.startup.VersionLoggerListener log
信息: Command line argument: -Dcatalina.home=D:\Develop\LuceneAndSolr\tomcat-7.0.72-solr
八月 14, 2017 4:06:41 下午 org.apache.catalina.startup.VersionLoggerListener log
信息: Command line argument: -Djava.io.tmpdir=D:\Develop\LuceneAndSolr\tomcat-7.0.72-solr\temp
八月 14, 2017 4:06:41 下午 org.apache.catalina.core.AprLifecycleListener lifecycleEvent
信息: Loaded APR based Apache Tomcat Native library 1.2.8 using APR version 1.5.2.
八月 14, 2017 4:06:41 下午 org.apache.catalina.core.AprLifecycleListener lifecycleEvent
信息: APR capabilities: IPv6 [true], sendfile [true], accept filters [false], random [true].
八月 14, 2017 4:06:42 下午 org.apache.catalina.core.AprLifecycleListener initializeSSL
信息: OpenSSL successfully initialized (OpenSSL 1.0.2h  3 May 2016)
八月 14, 2017 4:06:42 下午 org.apache.coyote.AbstractProtocol init
信息: Initializing ProtocolHandler ["http-apr-8080"]
八月 14, 2017 4:06:42 下午 org.apache.coyote.AbstractProtocol init
信息: Initializing ProtocolHandler ["ajp-apr-8009"]
八月 14, 2017 4:06:42 下午 org.apache.catalina.startup.Catalina load
信息: Initialization processed in 1259 ms
八月 14, 2017 4:06:42 下午 org.apache.catalina.core.StandardService startInternal
信息: Starting service Catalina
八月 14, 2017 4:06:42 下午 org.apache.catalina.core.StandardEngine startInternal
信息: Starting Servlet Engine: Apache Tomcat/7.0.72
八月 14, 2017 4:06:42 下午 org.apache.catalina.startup.HostConfig deployDirectory
信息: Deploying web application directory D:\Develop\LuceneAndSolr\tomcat-7.0.72-solr\webapps\docs
八月 14, 2017 4:06:43 下午 org.apache.catalina.startup.HostConfig deployDirectory
信息: Deployment of web application directory D:\Develop\LuceneAndSolr\tomcat-7.0.72-solr\webapps\docs has finished in 300 ms
八月 14, 2017 4:06:43 下午 org.apache.catalina.startup.HostConfig deployDirectory
信息: Deploying web application directory D:\Develop\LuceneAndSolr\tomcat-7.0.72-solr\webapps\examples
八月 14, 2017 4:06:43 下午 org.apache.catalina.startup.HostConfig deployDirectory
信息: Deployment of web application directory D:\Develop\LuceneAndSolr\tomcat-7.0.72-solr\webapps\examples has finished in 285 ms
八月 14, 2017 4:06:43 下午 org.apache.catalina.startup.HostConfig deployDirectory
信息: Deploying web application directory D:\Develop\LuceneAndSolr\tomcat-7.0.72-solr\webapps\host-manager
八月 14, 2017 4:06:43 下午 org.apache.catalina.startup.HostConfig deployDirectory
信息: Deployment of web application directory D:\Develop\LuceneAndSolr\tomcat-7.0.72-solr\webapps\host-manager has finished in 53 ms
八月 14, 2017 4:06:43 下午 org.apache.catalina.startup.HostConfig deployDirectory
信息: Deploying web application directory D:\Develop\LuceneAndSolr\tomcat-7.0.72-solr\webapps\manager
八月 14, 2017 4:06:43 下午 org.apache.catalina.startup.HostConfig deployDirectory
信息: Deployment of web application directory D:\Develop\LuceneAndSolr\tomcat-7.0.72-solr\webapps\manager has finished in 52 ms
八月 14, 2017 4:06:43 下午 org.apache.catalina.startup.HostConfig deployDirectory
信息: Deploying web application directory D:\Develop\LuceneAndSolr\tomcat-7.0.72-solr\webapps\ROOT
八月 14, 2017 4:06:43 下午 org.apache.catalina.startup.HostConfig deployDirectory
信息: Deployment of web application directory D:\Develop\LuceneAndSolr\tomcat-7.0.72-solr\webapps\ROOT has finished in 38 ms
八月 14, 2017 4:06:43 下午 org.apache.catalina.startup.HostConfig deployDirectory
信息: Deploying web application directory D:\Develop\LuceneAndSolr\tomcat-7.0.72-solr\webapps\solr
八月 14, 2017 4:06:43 下午 org.apache.catalina.loader.WebappClassLoaderBase validateJarFile
信息: validateJarFile(D:\Develop\LuceneAndSolr\tomcat-7.0.72-solr\webapps\solr\WEB-INF\lib\servlet-api-3.0.jar) - jar not loaded. See Servlet Spec 3.0, section 10.7.2. Offending class: javax/servlet/Servlet.class
八月 14, 2017 4:06:45 下午 org.apache.catalina.startup.TldConfig execute
信息: At least one JAR was scanned for TLDs yet contained no TLDs. Enable debug logging for this logger for a complete list of JARs that were scanned but no TLDs were found in them. Skipping unneeded JARs during scanning can improve startup time and JSP compilation time.
八月 14, 2017 4:06:46 下午 org.apache.catalina.startup.HostConfig deployDirectory
信息: Deployment of web application directory D:\Develop\LuceneAndSolr\tomcat-7.0.72-solr\webapps\solr has finished in 3,510 ms
八月 14, 2017 4:06:46 下午 org.apache.coyote.AbstractProtocol start
信息: Starting ProtocolHandler ["http-apr-8080"]
八月 14, 2017 4:06:47 下午 org.apache.coyote.AbstractProtocol start
信息: Starting ProtocolHandler ["ajp-apr-8009"]
八月 14, 2017 4:06:47 下午 org.apache.catalina.startup.Catalina start
信息: Server startup in 4304 ms
八月 14, 2017 4:20:37 下午 org.apache.catalina.startup.VersionLoggerListener log
信息: Server version:        Apache Tomcat/7.0.72
八月 14, 2017 4:20:37 下午 org.apache.catalina.startup.VersionLoggerListener log
信息: Server built:          Sep 14 2016 12:12:26 UTC
八月 14, 2017 4:20:37 下午 org.apache.catalina.startup.VersionLoggerListener log
信息: Server number:         7.0.72.0
八月 14, 2017 4:20:37 下午 org.apache.catalina.startup.VersionLoggerListener log
信息: OS Name:               Windows 7
八月 14, 2017 4:20:37 下午 org.apache.catalina.startup.VersionLoggerListener log
信息: OS Version:            6.1
八月 14, 2017 4:20:37 下午 org.apache.catalina.startup.VersionLoggerListener log
信息: Architecture:          amd64
八月 14, 2017 4:20:37 下午 org.apache.catalina.startup.VersionLoggerListener log
信息: Java Home:             D:\Develop\Java\jdk1.8\jre
八月 14, 2017 4:20:37 下午 org.apache.catalina.startup.VersionLoggerListener log
信息: JVM Version:           1.8.0_131-b11
八月 14, 2017 4:20:37 下午 org.apache.catalina.startup.VersionLoggerListener log
信息: JVM Vendor:            Oracle Corporation
八月 14, 2017 4:20:37 下午 org.apache.catalina.startup.VersionLoggerListener log
信息: CATALINA_BASE:         D:\Develop\LuceneAndSolr\tomcat-7.0.72-solr
八月 14, 2017 4:20:37 下午 org.apache.catalina.startup.VersionLoggerListener log
信息: CATALINA_HOME:         D:\Develop\LuceneAndSolr\tomcat-7.0.72-solr
八月 14, 2017 4:20:37 下午 org.apache.catalina.startup.VersionLoggerListener log
信息: Command line argument: -Djdk.tls.ephemeralDHKeySize=2048
八月 14, 2017 4:20:37 下午 org.apache.catalina.startup.VersionLoggerListener log
信息: Command line argument: -Djava.util.logging.config.file=D:\Develop\LuceneAndSolr\tomcat-7.0.72-solr\conf\logging.properties
八月 14, 2017 4:20:37 下午 org.apache.catalina.startup.VersionLoggerListener log
信息: Command line argument: -Djava.util.logging.manager=org.apache.juli.ClassLoaderLogManager
八月 14, 2017 4:20:37 下午 org.apache.catalina.startup.VersionLoggerListener log
信息: Command line argument: -Djava.endorsed.dirs=D:\Develop\LuceneAndSolr\tomcat-7.0.72-solr\endorsed
八月 14, 2017 4:20:37 下午 org.apache.catalina.startup.VersionLoggerListener log
信息: Command line argument: -Dcatalina.base=D:\Develop\LuceneAndSolr\tomcat-7.0.72-solr
八月 14, 2017 4:20:37 下午 org.apache.catalina.startup.VersionLoggerListener log
信息: Command line argument: -Dcatalina.home=D:\Develop\LuceneAndSolr\tomcat-7.0.72-solr
八月 14, 2017 4:20:37 下午 org.apache.catalina.startup.VersionLoggerListener log
信息: Command line argument: -Djava.io.tmpdir=D:\Develop\LuceneAndSolr\tomcat-7.0.72-solr\temp
八月 14, 2017 4:20:37 下午 org.apache.catalina.core.AprLifecycleListener lifecycleEvent
信息: Loaded APR based Apache Tomcat Native library 1.2.8 using APR version 1.5.2.
八月 14, 2017 4:20:37 下午 org.apache.catalina.core.AprLifecycleListener lifecycleEvent
信息: APR capabilities: IPv6 [true], sendfile [true], accept filters [false], random [true].
八月 14, 2017 4:20:38 下午 org.apache.catalina.core.AprLifecycleListener initializeSSL
信息: OpenSSL successfully initialized (OpenSSL 1.0.2h  3 May 2016)
八月 14, 2017 4:20:38 下午 org.apache.coyote.AbstractProtocol init
信息: Initializing ProtocolHandler ["http-apr-8080"]
八月 14, 2017 4:20:38 下午 org.apache.coyote.AbstractProtocol init
信息: Initializing ProtocolHandler ["ajp-apr-8009"]
八月 14, 2017 4:20:38 下午 org.apache.catalina.startup.Catalina load
信息: Initialization processed in 1256 ms
八月 14, 2017 4:20:38 下午 org.apache.catalina.core.StandardService startInternal
信息: Starting service Catalina
八月 14, 2017 4:20:38 下午 org.apache.catalina.core.StandardEngine startInternal
信息: Starting Servlet Engine: Apache Tomcat/7.0.72
八月 14, 2017 4:20:38 下午 org.apache.catalina.startup.HostConfig deployDirectory
信息: Deploying web application directory D:\Develop\LuceneAndSolr\tomcat-7.0.72-solr\webapps\docs
八月 14, 2017 4:20:38 下午 org.apache.catalina.startup.HostConfig deployDirectory
信息: Deployment of web application directory D:\Develop\LuceneAndSolr\tomcat-7.0.72-solr\webapps\docs has finished in 294 ms
八月 14, 2017 4:20:38 下午 org.apache.catalina.startup.HostConfig deployDirectory
信息: Deploying web application directory D:\Develop\LuceneAndSolr\tomcat-7.0.72-solr\webapps\examples
八月 14, 2017 4:20:38 下午 org.apache.catalina.startup.HostConfig deployDirectory
信息: Deployment of web application directory D:\Develop\LuceneAndSolr\tomcat-7.0.72-solr\webapps\examples has finished in 256 ms
八月 14, 2017 4:20:38 下午 org.apache.catalina.startup.HostConfig deployDirectory
信息: Deploying web application directory D:\Develop\LuceneAndSolr\tomcat-7.0.72-solr\webapps\host-manager
八月 14, 2017 4:20:39 下午 org.apache.catalina.startup.HostConfig deployDirectory
信息: Deployment of web application directory D:\Develop\LuceneAndSolr\tomcat-7.0.72-solr\webapps\host-manager has finished in 52 ms
八月 14, 2017 4:20:39 下午 org.apache.catalina.startup.HostConfig deployDirectory
信息: Deploying web application directory D:\Develop\LuceneAndSolr\tomcat-7.0.72-solr\webapps\manager
八月 14, 2017 4:20:39 下午 org.apache.catalina.startup.HostConfig deployDirectory
信息: Deployment of web application directory D:\Develop\LuceneAndSolr\tomcat-7.0.72-solr\webapps\manager has finished in 52 ms
八月 14, 2017 4:20:39 下午 org.apache.catalina.startup.HostConfig deployDirectory
信息: Deploying web application directory D:\Develop\LuceneAndSolr\tomcat-7.0.72-solr\webapps\ROOT
八月 14, 2017 4:20:39 下午 org.apache.catalina.startup.HostConfig deployDirectory
信息: Deployment of web application directory D:\Develop\LuceneAndSolr\tomcat-7.0.72-solr\webapps\ROOT has finished in 39 ms
八月 14, 2017 4:20:39 下午 org.apache.catalina.startup.HostConfig deployDirectory
信息: Deploying web application directory D:\Develop\LuceneAndSolr\tomcat-7.0.72-solr\webapps\solr
八月 14, 2017 4:20:39 下午 org.apache.catalina.loader.WebappClassLoaderBase validateJarFile
信息: validateJarFile(D:\Develop\LuceneAndSolr\tomcat-7.0.72-solr\webapps\solr\WEB-INF\lib\servlet-api-3.0.jar) - jar not loaded. See Servlet Spec 3.0, section 10.7.2. Offending class: javax/servlet/Servlet.class
八月 14, 2017 4:20:40 下午 org.apache.catalina.startup.TldConfig execute
信息: At least one JAR was scanned for TLDs yet contained no TLDs. Enable debug logging for this logger for a complete list of JARs that were scanned but no TLDs were found in them. Skipping unneeded JARs during scanning can improve startup time and JSP compilation time.
八月 14, 2017 4:20:42 下午 org.apache.catalina.startup.HostConfig deployDirectory
信息: Deployment of web application directory D:\Develop\LuceneAndSolr\tomcat-7.0.72-solr\webapps\solr has finished in 3,221 ms
八月 14, 2017 4:20:42 下午 org.apache.coyote.AbstractProtocol start
信息: Starting ProtocolHandler ["http-apr-8080"]
八月 14, 2017 4:20:42 下午 org.apache.coyote.AbstractProtocol start
信息: Starting ProtocolHandler ["ajp-apr-8009"]
八月 14, 2017 4:20:42 下午 org.apache.catalina.startup.Catalina start
信息: Server startup in 3993 ms
八月 14, 2017 4:25:21 下午 org.apache.catalina.startup.VersionLoggerListener log
信息: Server version:        Apache Tomcat/7.0.72
八月 14, 2017 4:25:21 下午 org.apache.catalina.startup.VersionLoggerListener log
信息: Server built:          Sep 14 2016 12:12:26 UTC
八月 14, 2017 4:25:21 下午 org.apache.catalina.startup.VersionLoggerListener log
信息: Server number:         7.0.72.0
八月 14, 2017 4:25:21 下午 org.apache.catalina.startup.VersionLoggerListener log
信息: OS Name:               Windows 7
八月 14, 2017 4:25:21 下午 org.apache.catalina.startup.VersionLoggerListener log
信息: OS Version:            6.1
八月 14, 2017 4:25:21 下午 org.apache.catalina.startup.VersionLoggerListener log
信息: Architecture:          amd64
八月 14, 2017 4:25:21 下午 org.apache.catalina.startup.VersionLoggerListener log
信息: Java Home:             D:\Develop\Java\jdk1.8\jre
八月 14, 2017 4:25:21 下午 org.apache.catalina.startup.VersionLoggerListener log
信息: JVM Version:           1.8.0_131-b11
八月 14, 2017 4:25:21 下午 org.apache.catalina.startup.VersionLoggerListener log
信息: JVM Vendor:            Oracle Corporation
八月 14, 2017 4:25:21 下午 org.apache.catalina.startup.VersionLoggerListener log
信息: CATALINA_BASE:         D:\Develop\LuceneAndSolr\tomcat-7.0.72-solr
八月 14, 2017 4:25:21 下午 org.apache.catalina.startup.VersionLoggerListener log
信息: CATALINA_HOME:         D:\Develop\LuceneAndSolr\tomcat-7.0.72-solr
八月 14, 2017 4:25:21 下午 org.apache.catalina.startup.VersionLoggerListener log
信息: Command line argument: -Djdk.tls.ephemeralDHKeySize=2048
八月 14, 2017 4:25:21 下午 org.apache.catalina.startup.VersionLoggerListener log
信息: Command line argument: -Djava.util.logging.config.file=D:\Develop\LuceneAndSolr\tomcat-7.0.72-solr\conf\logging.properties
八月 14, 2017 4:25:21 下午 org.apache.catalina.startup.VersionLoggerListener log
信息: Command line argument: -Djava.util.logging.manager=org.apache.juli.ClassLoaderLogManager
八月 14, 2017 4:25:21 下午 org.apache.catalina.startup.VersionLoggerListener log
信息: Command line argument: -Djava.endorsed.dirs=D:\Develop\LuceneAndSolr\tomcat-7.0.72-solr\endorsed
八月 14, 2017 4:25:21 下午 org.apache.catalina.startup.VersionLoggerListener log
信息: Command line argument: -Dcatalina.base=D:\Develop\LuceneAndSolr\tomcat-7.0.72-solr
八月 14, 2017 4:25:21 下午 org.apache.catalina.startup.VersionLoggerListener log
信息: Command line argument: -Dcatalina.home=D:\Develop\LuceneAndSolr\tomcat-7.0.72-solr
八月 14, 2017 4:25:21 下午 org.apache.catalina.startup.VersionLoggerListener log
信息: Command line argument: -Djava.io.tmpdir=D:\Develop\LuceneAndSolr\tomcat-7.0.72-solr\temp
八月 14, 2017 4:25:21 下午 org.apache.catalina.core.AprLifecycleListener lifecycleEvent
信息: Loaded APR based Apache Tomcat Native library 1.2.8 using APR version 1.5.2.
八月 14, 2017 4:25:21 下午 org.apache.catalina.core.AprLifecycleListener lifecycleEvent
信息: APR capabilities: IPv6 [true], sendfile [true], accept filters [false], random [true].
八月 14, 2017 4:25:22 下午 org.apache.catalina.core.AprLifecycleListener initializeSSL
信息: OpenSSL successfully initialized (OpenSSL 1.0.2h  3 May 2016)
八月 14, 2017 4:25:22 下午 org.apache.coyote.AbstractProtocol init
信息: Initializing ProtocolHandler ["http-apr-8080"]
八月 14, 2017 4:25:22 下午 org.apache.coyote.AbstractProtocol init
信息: Initializing ProtocolHandler ["ajp-apr-8009"]
八月 14, 2017 4:25:22 下午 org.apache.catalina.startup.Catalina load
信息: Initialization processed in 1269 ms
八月 14, 2017 4:25:22 下午 org.apache.catalina.core.StandardService startInternal
信息: Starting service Catalina
八月 14, 2017 4:25:22 下午 org.apache.catalina.core.StandardEngine startInternal
信息: Starting Servlet Engine: Apache Tomcat/7.0.72
八月 14, 2017 4:25:22 下午 org.apache.catalina.startup.HostConfig deployDirectory
信息: Deploying web application directory D:\Develop\LuceneAndSolr\tomcat-7.0.72-solr\webapps\docs
八月 14, 2017 4:25:22 下午 org.apache.catalina.startup.HostConfig deployDirectory
信息: Deployment of web application directory D:\Develop\LuceneAndSolr\tomcat-7.0.72-solr\webapps\docs has finished in 275 ms
八月 14, 2017 4:25:22 下午 org.apache.catalina.startup.HostConfig deployDirectory
信息: Deploying web application directory D:\Develop\LuceneAndSolr\tomcat-7.0.72-solr\webapps\examples
八月 14, 2017 4:25:23 下午 org.apache.catalina.startup.HostConfig deployDirectory
信息: Deployment of web application directory D:\Develop\LuceneAndSolr\tomcat-7.0.72-solr\webapps\examples has finished in 262 ms
八月 14, 2017 4:25:23 下午 org.apache.catalina.startup.HostConfig deployDirectory
信息: Deploying web application directory D:\Develop\LuceneAndSolr\tomcat-7.0.72-solr\webapps\host-manager
八月 14, 2017 4:25:23 下午 org.apache.catalina.startup.HostConfig deployDirectory
信息: Deployment of web application directory D:\Develop\LuceneAndSolr\tomcat-7.0.72-solr\webapps\host-manager has finished in 54 ms
八月 14, 2017 4:25:23 下午 org.apache.catalina.startup.HostConfig deployDirectory
信息: Deploying web application directory D:\Develop\LuceneAndSolr\tomcat-7.0.72-solr\webapps\manager
八月 14, 2017 4:25:23 下午 org.apache.catalina.startup.HostConfig deployDirectory
信息: Deployment of web application directory D:\Develop\LuceneAndSolr\tomcat-7.0.72-solr\webapps\manager has finished in 65 ms
八月 14, 2017 4:25:23 下午 org.apache.catalina.startup.HostConfig deployDirectory
信息: Deploying web application directory D:\Develop\LuceneAndSolr\tomcat-7.0.72-solr\webapps\ROOT
八月 14, 2017 4:25:23 下午 org.apache.catalina.startup.HostConfig deployDirectory
信息: Deployment of web application directory D:\Develop\LuceneAndSolr\tomcat-7.0.72-solr\webapps\ROOT has finished in 41 ms
八月 14, 2017 4:25:23 下午 org.apache.catalina.startup.HostConfig deployDirectory
信息: Deploying web application directory D:\Develop\LuceneAndSolr\tomcat-7.0.72-solr\webapps\solr
八月 14, 2017 4:25:23 下午 org.apache.catalina.loader.WebappClassLoaderBase validateJarFile
信息: validateJarFile(D:\Develop\LuceneAndSolr\tomcat-7.0.72-solr\webapps\solr\WEB-INF\lib\servlet-api-3.0.jar) - jar not loaded. See Servlet Spec 3.0, section 10.7.2. Offending class: javax/servlet/Servlet.class
八月 14, 2017 4:25:25 下午 org.apache.catalina.startup.TldConfig execute
信息: At least one JAR was scanned for TLDs yet contained no TLDs. Enable debug logging for this logger for a complete list of JARs that were scanned but no TLDs were found in them. Skipping unneeded JARs during scanning can improve startup time and JSP compilation time.
八月 14, 2017 4:25:26 下午 org.apache.catalina.startup.HostConfig deployDirectory
信息: Deployment of web application directory D:\Develop\LuceneAndSolr\tomcat-7.0.72-solr\webapps\solr has finished in 3,514 ms
八月 14, 2017 4:25:26 下午 org.apache.coyote.AbstractProtocol start
信息: Starting ProtocolHandler ["http-apr-8080"]
八月 14, 2017 4:25:26 下午 org.apache.coyote.AbstractProtocol start
信息: Starting ProtocolHandler ["ajp-apr-8009"]
八月 14, 2017 4:25:26 下午 org.apache.catalina.startup.Catalina start
信息: Server startup in 4293 ms
八月 14, 2017 4:39:45 下午 org.apache.catalina.startup.VersionLoggerListener log
信息: Server version:        Apache Tomcat/7.0.72
八月 14, 2017 4:39:45 下午 org.apache.catalina.startup.VersionLoggerListener log
信息: Server built:          Sep 14 2016 12:12:26 UTC
八月 14, 2017 4:39:45 下午 org.apache.catalina.startup.VersionLoggerListener log
信息: Server number:         7.0.72.0
八月 14, 2017 4:39:45 下午 org.apache.catalina.startup.VersionLoggerListener log
信息: OS Name:               Windows 7
八月 14, 2017 4:39:45 下午 org.apache.catalina.startup.VersionLoggerListener log
信息: OS Version:            6.1
八月 14, 2017 4:39:45 下午 org.apache.catalina.startup.VersionLoggerListener log
信息: Architecture:          amd64
八月 14, 2017 4:39:45 下午 org.apache.catalina.startup.VersionLoggerListener log
信息: Java Home:             D:\Develop\Java\jdk1.8\jre
八月 14, 2017 4:39:45 下午 org.apache.catalina.startup.VersionLoggerListener log
信息: JVM Version:           1.8.0_131-b11
八月 14, 2017 4:39:45 下午 org.apache.catalina.startup.VersionLoggerListener log
信息: JVM Vendor:            Oracle Corporation
八月 14, 2017 4:39:45 下午 org.apache.catalina.startup.VersionLoggerListener log
信息: CATALINA_BASE:         D:\Develop\LuceneAndSolr\tomcat-7.0.72-solr
八月 14, 2017 4:39:45 下午 org.apache.catalina.startup.VersionLoggerListener log
信息: CATALINA_HOME:         D:\Develop\LuceneAndSolr\tomcat-7.0.72-solr
八月 14, 2017 4:39:45 下午 org.apache.catalina.startup.VersionLoggerListener log
信息: Command line argument: -Djdk.tls.ephemeralDHKeySize=2048
八月 14, 2017 4:39:45 下午 org.apache.catalina.startup.VersionLoggerListener log
信息: Command line argument: -Djava.util.logging.config.file=D:\Develop\LuceneAndSolr\tomcat-7.0.72-solr\conf\logging.properties
八月 14, 2017 4:39:45 下午 org.apache.catalina.startup.VersionLoggerListener log
信息: Command line argument: -Djava.util.logging.manager=org.apache.juli.ClassLoaderLogManager
八月 14, 2017 4:39:45 下午 org.apache.catalina.startup.VersionLoggerListener log
信息: Command line argument: -Djava.endorsed.dirs=D:\Develop\LuceneAndSolr\tomcat-7.0.72-solr\endorsed
八月 14, 2017 4:39:45 下午 org.apache.catalina.startup.VersionLoggerListener log
信息: Command line argument: -Dcatalina.base=D:\Develop\LuceneAndSolr\tomcat-7.0.72-solr
八月 14, 2017 4:39:45 下午 org.apache.catalina.startup.VersionLoggerListener log
信息: Command line argument: -Dcatalina.home=D:\Develop\LuceneAndSolr\tomcat-7.0.72-solr
八月 14, 2017 4:39:45 下午 org.apache.catalina.startup.VersionLoggerListener log
信息: Command line argument: -Djava.io.tmpdir=D:\Develop\LuceneAndSolr\tomcat-7.0.72-solr\temp
八月 14, 2017 4:39:45 下午 org.apache.catalina.core.AprLifecycleListener lifecycleEvent
信息: Loaded APR based Apache Tomcat Native library 1.2.8 using APR version 1.5.2.
八月 14, 2017 4:39:45 下午 org.apache.catalina.core.AprLifecycleListener lifecycleEvent
信息: APR capabilities: IPv6 [true], sendfile [true], accept filters [false], random [true].
八月 14, 2017 4:39:46 下午 org.apache.catalina.core.AprLifecycleListener initializeSSL
信息: OpenSSL successfully initialized (OpenSSL 1.0.2h  3 May 2016)
八月 14, 2017 4:39:46 下午 org.apache.coyote.AbstractProtocol init
信息: Initializing ProtocolHandler ["http-apr-8080"]
八月 14, 2017 4:39:46 下午 org.apache.coyote.AbstractProtocol init
信息: Initializing ProtocolHandler ["ajp-apr-8009"]
八月 14, 2017 4:39:46 下午 org.apache.catalina.startup.Catalina load
信息: Initialization processed in 1281 ms
八月 14, 2017 4:39:46 下午 org.apache.catalina.core.StandardService startInternal
信息: Starting service Catalina
八月 14, 2017 4:39:46 下午 org.apache.catalina.core.StandardEngine startInternal
信息: Starting Servlet Engine: Apache Tomcat/7.0.72
八月 14, 2017 4:39:46 下午 org.apache.catalina.startup.HostConfig deployDirectory
信息: Deploying web application directory D:\Develop\LuceneAndSolr\tomcat-7.0.72-solr\webapps\docs
八月 14, 2017 4:39:46 下午 org.apache.catalina.startup.TldConfig execute
信息: At least one JAR was scanned for TLDs yet contained no TLDs. Enable debug logging for this logger for a complete list of JARs that were scanned but no TLDs were found in them. Skipping unneeded JARs during scanning can improve startup time and JSP compilation time.
八月 14, 2017 4:39:46 下午 org.apache.catalina.startup.HostConfig deployDirectory
信息: Deployment of web application directory D:\Develop\LuceneAndSolr\tomcat-7.0.72-solr\webapps\docs has finished in 339 ms
八月 14, 2017 4:39:46 下午 org.apache.catalina.startup.HostConfig deployDirectory
信息: Deploying web application directory D:\Develop\LuceneAndSolr\tomcat-7.0.72-solr\webapps\examples
八月 14, 2017 4:39:46 下午 org.apache.catalina.startup.TldConfig execute
信息: At least one JAR was scanned for TLDs yet contained no TLDs. Enable debug logging for this logger for a complete list of JARs that were scanned but no TLDs were found in them. Skipping unneeded JARs during scanning can improve startup time and JSP compilation time.
八月 14, 2017 4:39:46 下午 org.apache.catalina.startup.HostConfig deployDirectory
信息: Deployment of web application directory D:\Develop\LuceneAndSolr\tomcat-7.0.72-solr\webapps\examples has finished in 309 ms
八月 14, 2017 4:39:46 下午 org.apache.catalina.startup.HostConfig deployDirectory
信息: Deploying web application directory D:\Develop\LuceneAndSolr\tomcat-7.0.72-solr\webapps\host-manager
八月 14, 2017 4:39:47 下午 org.apache.catalina.startup.TldConfig execute
信息: At least one JAR was scanned for TLDs yet contained no TLDs. Enable debug logging for this logger for a complete list of JARs that were scanned but no TLDs were found in them. Skipping unneeded JARs during scanning can improve startup time and JSP compilation time.
八月 14, 2017 4:39:47 下午 org.apache.catalina.startup.HostConfig deployDirectory
信息: Deployment of web application directory D:\Develop\LuceneAndSolr\tomcat-7.0.72-solr\webapps\host-manager has finished in 121 ms
八月 14, 2017 4:39:47 下午 org.apache.catalina.startup.HostConfig deployDirectory
信息: Deploying web application directory D:\Develop\LuceneAndSolr\tomcat-7.0.72-solr\webapps\manager
八月 14, 2017 4:39:47 下午 org.apache.catalina.startup.TldConfig execute
信息: At least one JAR was scanned for TLDs yet contained no TLDs. Enable debug logging for this logger for a complete list of JARs that were scanned but no TLDs were found in them. Skipping unneeded JARs during scanning can improve startup time and JSP compilation time.
八月 14, 2017 4:39:47 下午 org.apache.catalina.startup.HostConfig deployDirectory
信息: Deployment of web application directory D:\Develop\LuceneAndSolr\tomcat-7.0.72-solr\webapps\manager has finished in 102 ms
八月 14, 2017 4:39:47 下午 org.apache.catalina.startup.HostConfig deployDirectory
信息: Deploying web application directory D:\Develop\LuceneAndSolr\tomcat-7.0.72-solr\webapps\ROOT
八月 14, 2017 4:39:47 下午 org.apache.catalina.startup.TldConfig execute
信息: At least one JAR was scanned for TLDs yet contained no TLDs. Enable debug logging for this logger for a complete list of JARs that were scanned but no TLDs were found in them. Skipping unneeded JARs during scanning can improve startup time and JSP compilation time.
八月 14, 2017 4:39:47 下午 org.apache.catalina.startup.HostConfig deployDirectory
信息: Deployment of web application directory D:\Develop\LuceneAndSolr\tomcat-7.0.72-solr\webapps\ROOT has finished in 96 ms
八月 14, 2017 4:39:47 下午 org.apache.catalina.startup.HostConfig deployDirectory
信息: Deploying web application directory D:\Develop\LuceneAndSolr\tomcat-7.0.72-solr\webapps\solr
八月 14, 2017 4:39:47 下午 org.apache.catalina.loader.WebappClassLoaderBase validateJarFile
信息: validateJarFile(D:\Develop\LuceneAndSolr\tomcat-7.0.72-solr\webapps\solr\WEB-INF\lib\servlet-api-3.0.jar) - jar not loaded. See Servlet Spec 3.0, section 10.7.2. Offending class: javax/servlet/Servlet.class
八月 14, 2017 4:39:48 下午 org.apache.catalina.startup.TldConfig execute
信息: At least one JAR was scanned for TLDs yet contained no TLDs. Enable debug logging for this logger for a complete list of JARs that were scanned but no TLDs were found in them. Skipping unneeded JARs during scanning can improve startup time and JSP compilation time.
八月 14, 2017 4:39:50 下午 org.apache.catalina.startup.HostConfig deployDirectory
信息: Deployment of web application directory D:\Develop\LuceneAndSolr\tomcat-7.0.72-solr\webapps\solr has finished in 3,543 ms
八月 14, 2017 4:39:50 下午 org.apache.coyote.AbstractProtocol start
信息: Starting ProtocolHandler ["http-apr-8080"]
八月 14, 2017 4:39:50 下午 org.apache.coyote.AbstractProtocol start
信息: Starting ProtocolHandler ["ajp-apr-8009"]
八月 14, 2017 4:39:50 下午 org.apache.catalina.startup.Catalina start
信息: Server startup in 4579 ms
八月 14, 2017 4:50:51 下午 org.apache.catalina.core.StandardServer await
警告: StandardServer.await: Invalid command '' received
八月 14, 2017 5:15:52 下午 org.apache.catalina.core.StandardServer await
警告: StandardServer.await: Invalid command '' received
