八月 14, 2017 9:32:43 上午 org.apache.catalina.core.ApplicationContext log
信息: ContextListener: contextInitialized()
八月 14, 2017 9:32:43 上午 org.apache.catalina.core.ApplicationContext log
信息: SessionListener: contextInitialized()
八月 14, 2017 9:32:43 上午 org.apache.catalina.core.ApplicationContext log
信息: ContextListener: attributeAdded('org.apache.jasper.compiler.TldLocationsCache', 'org.apache.jasper.compiler.TldLocationsCache@3c9a0084')
八月 14, 2017 9:39:56 上午 org.apache.catalina.core.ApplicationContext log
信息: ContextListener: contextInitialized()
八月 14, 2017 9:39:56 上午 org.apache.catalina.core.ApplicationContext log
信息: SessionListener: contextInitialized()
八月 14, 2017 9:39:56 上午 org.apache.catalina.core.ApplicationContext log
信息: ContextListener: attributeAdded('org.apache.jasper.compiler.TldLocationsCache', 'org.apache.jasper.compiler.TldLocationsCache@3c9a0084')
八月 14, 2017 10:02:52 上午 org.apache.catalina.core.ApplicationContext log
信息: ContextListener: contextInitialized()
八月 14, 2017 10:02:52 上午 org.apache.catalina.core.ApplicationContext log
信息: SessionListener: contextInitialized()
八月 14, 2017 10:02:52 上午 org.apache.catalina.core.ApplicationContext log
信息: ContextListener: attributeAdded('org.apache.jasper.compiler.TldLocationsCache', 'org.apache.jasper.compiler.TldLocationsCache@bb8dcbc')
八月 14, 2017 10:19:20 上午 org.apache.catalina.core.ApplicationContext log
信息: ContextListener: contextInitialized()
八月 14, 2017 10:19:20 上午 org.apache.catalina.core.ApplicationContext log
信息: SessionListener: contextInitialized()
八月 14, 2017 10:19:20 上午 org.apache.catalina.core.ApplicationContext log
信息: ContextListener: attributeAdded('org.apache.jasper.compiler.TldLocationsCache', 'org.apache.jasper.compiler.TldLocationsCache@38673589')
八月 14, 2017 3:42:51 下午 org.apache.catalina.core.ApplicationContext log
信息: ContextListener: contextInitialized()
八月 14, 2017 3:42:51 下午 org.apache.catalina.core.ApplicationContext log
信息: SessionListener: contextInitialized()
八月 14, 2017 3:42:51 下午 org.apache.catalina.core.ApplicationContext log
信息: ContextListener: attributeAdded('org.apache.jasper.compiler.TldLocationsCache', 'org.apache.jasper.compiler.TldLocationsCache@3c9a0084')
八月 14, 2017 4:06:43 下午 org.apache.catalina.core.ApplicationContext log
信息: ContextListener: contextInitialized()
八月 14, 2017 4:06:43 下午 org.apache.catalina.core.ApplicationContext log
信息: SessionListener: contextInitialized()
八月 14, 2017 4:06:43 下午 org.apache.catalina.core.ApplicationContext log
信息: ContextListener: attributeAdded('org.apache.jasper.compiler.TldLocationsCache', 'org.apache.jasper.compiler.TldLocationsCache@bb8dcbc')
八月 14, 2017 4:20:38 下午 org.apache.catalina.core.ApplicationContext log
信息: ContextListener: contextInitialized()
八月 14, 2017 4:20:38 下午 org.apache.catalina.core.ApplicationContext log
信息: SessionListener: contextInitialized()
八月 14, 2017 4:20:38 下午 org.apache.catalina.core.ApplicationContext log
信息: ContextListener: attributeAdded('org.apache.jasper.compiler.TldLocationsCache', 'org.apache.jasper.compiler.TldLocationsCache@38673589')
八月 14, 2017 4:25:23 下午 org.apache.catalina.core.ApplicationContext log
信息: ContextListener: contextInitialized()
八月 14, 2017 4:25:23 下午 org.apache.catalina.core.ApplicationContext log
信息: SessionListener: contextInitialized()
八月 14, 2017 4:25:23 下午 org.apache.catalina.core.ApplicationContext log
信息: ContextListener: attributeAdded('org.apache.jasper.compiler.TldLocationsCache', 'org.apache.jasper.compiler.TldLocationsCache@3c9a0084')
八月 14, 2017 4:39:46 下午 org.apache.catalina.core.ApplicationContext log
信息: ContextListener: contextInitialized()
八月 14, 2017 4:39:46 下午 org.apache.catalina.core.ApplicationContext log
信息: SessionListener: contextInitialized()
八月 14, 2017 4:39:46 下午 org.apache.catalina.core.ApplicationContext log
信息: ContextListener: attributeAdded('org.apache.jasper.compiler.TldLocationsCache', 'org.apache.jasper.compiler.TldLocationsCache@772b225c')
