八月 11, 2017 5:07:00 下午 org.apache.catalina.core.ApplicationContext log
信息: ContextListener: contextInitialized()
八月 11, 2017 5:07:00 下午 org.apache.catalina.core.ApplicationContext log
信息: SessionListener: contextInitialized()
八月 11, 2017 5:07:00 下午 org.apache.catalina.core.ApplicationContext log
信息: ContextListener: attributeAdded('org.apache.jasper.compiler.TldLocationsCache', 'org.apache.jasper.compiler.TldLocationsCache@35355eb4')
八月 11, 2017 5:07:00 下午 org.apache.catalina.core.ApplicationContext log
信息: SessionListener: contextDestroyed()
八月 11, 2017 5:07:00 下午 org.apache.catalina.core.ApplicationContext log
信息: ContextListener: contextDestroyed()
八月 11, 2017 5:07:10 下午 org.apache.catalina.core.ApplicationContext log
信息: ContextListener: contextInitialized()
八月 11, 2017 5:07:10 下午 org.apache.catalina.core.ApplicationContext log
信息: SessionListener: contextInitialized()
八月 11, 2017 5:07:10 下午 org.apache.catalina.core.ApplicationContext log
信息: ContextListener: attributeAdded('org.apache.jasper.compiler.TldLocationsCache', 'org.apache.jasper.compiler.TldLocationsCache@38673589')
八月 11, 2017 5:07:32 下午 org.apache.catalina.core.ApplicationContext log
信息: ContextListener: contextInitialized()
八月 11, 2017 5:07:32 下午 org.apache.catalina.core.ApplicationContext log
信息: SessionListener: contextInitialized()
八月 11, 2017 5:07:32 下午 org.apache.catalina.core.ApplicationContext log
信息: ContextListener: attributeAdded('org.apache.jasper.compiler.TldLocationsCache', 'org.apache.jasper.compiler.TldLocationsCache@38673589')
